2.10.2023, 11:48:30 - INFO - Server is running on port: 3030 
2.10.2023, 11:48:31 - INFO - New connected socket [id: a40D0HjsOyBHGjreAAAB] 
2.10.2023, 11:49:13 - INFO - Socket disconnected [id: undefined] 
2.10.2023, 11:49:57 - INFO - Server is running on port: 3030 
2.10.2023, 11:50:30 - INFO - Server is running on port: 3030 
2.10.2023, 11:50:32 - INFO - Server is running on port: 3030 
2.10.2023, 11:52:30 - INFO - Server is running on port: 3030 
2.10.2023, 11:55:13 - INFO - Server is running on port: 3030 
2.10.2023, 11:56:29 - INFO - Server is running on port: 3030 
2.10.2023, 11:58:34 - INFO - Server is running on port: 3030 
2.10.2023, 11:58:46 - INFO - Server is running on port: 3030 
2.10.2023, 12:02:38 - INFO - Server is running on port: 3030 
2.10.2023, 12:02:40 - INFO - Server is running on port: 3030 
2.10.2023, 12:02:42 - INFO - Server is running on port: 3030 
2.10.2023, 12:03:13 - INFO - Server is running on port: 3030 
2.10.2023, 12:04:46 - INFO - Server is running on port: 3030 
2.10.2023, 12:06:26 - DEBUG - auth.service - login with username: nina 
2.10.2023, 12:06:26 - INFO - User login:  | {"_id":"65199f6b72b0cbdda7d78774","username":"nina","fullname":"Nina Simantov","imgUrl":null,"score":160} 
2.10.2023, 12:07:47 - INFO - Sample Logger Middleware (userId: 65199f6b72b0cbdda7d78774)
2.10.2023, 12:07:47 - DEBUG - Getting Cars: | {"txt":"","price":"0"} (userId: 65199f6b72b0cbdda7d78774)
2.10.2023, 12:08:23 - INFO - Sample Logger Middleware (userId: 65199f6b72b0cbdda7d78774)
2.10.2023, 12:08:23 - DEBUG - Getting Cars: | {"txt":"","price":"0"} (userId: 65199f6b72b0cbdda7d78774)
2.10.2023, 12:08:37 - INFO - Sample Logger Middleware (userId: 65199f6b72b0cbdda7d78774)
2.10.2023, 12:08:37 - DEBUG - Getting Cars: | {"txt":"","price":"0"} (userId: 65199f6b72b0cbdda7d78774)
2.10.2023, 12:08:41 - INFO - Sample Logger Middleware (userId: 65199f6b72b0cbdda7d78774)
2.10.2023, 12:08:41 - DEBUG - Getting Cars: | {"txt":"","price":"0"} (userId: 65199f6b72b0cbdda7d78774)
2.10.2023, 12:08:43 - INFO - Sample Logger Middleware (userId: 65199f6b72b0cbdda7d78774)
2.10.2023, 12:08:43 - DEBUG - Getting Cars: | {"txt":"","price":"0"} (userId: 65199f6b72b0cbdda7d78774)
2.10.2023, 12:09:44 - INFO - Sample Logger Middleware (userId: 65199f6b72b0cbdda7d78774)
2.10.2023, 12:09:45 - INFO - Sample Logger Middleware (userId: 65199f6b72b0cbdda7d78774)
2.10.2023, 12:09:51 - INFO - Broadcasting event: review-removed (userId: 65199f6b72b0cbdda7d78774)
2.10.2023, 12:09:51 - INFO - Emit to all (userId: 65199f6b72b0cbdda7d78774)
2.10.2023, 12:09:52 - INFO - Sample Logger Middleware (userId: 65199f6b72b0cbdda7d78774)
2.10.2023, 12:09:59 - INFO - Sample Logger Middleware (userId: 65199f6b72b0cbdda7d78774)
2.10.2023, 12:09:59 - INFO - addReview | {"_id":"65199f6b72b0cbdda7d78774","fullname":"Nina Simantov","score":160} (userId: 65199f6b72b0cbdda7d78774)
2.10.2023, 12:09:59 - INFO - Broadcasting event: review-added (userId: 65199f6b72b0cbdda7d78774)
2.10.2023, 12:09:59 - INFO - Emit to all (userId: 65199f6b72b0cbdda7d78774)
2.10.2023, 12:09:59 - INFO - No active socket for user: 6519a0797f5222e124576a39 (userId: 65199f6b72b0cbdda7d78774)
2.10.2023, 12:10:00 - INFO - Sample Logger Middleware (userId: 65199f6b72b0cbdda7d78774)
2.10.2023, 12:10:02 - INFO - Sample Logger Middleware (userId: 65199f6b72b0cbdda7d78774)
2.10.2023, 12:10:02 - DEBUG - Getting Cars: | {"txt":"","price":"0"} (userId: 65199f6b72b0cbdda7d78774)
2.10.2023, 12:10:36 - INFO - Sample Logger Middleware 
2.10.2023, 12:10:36 - DEBUG - Getting Cars: | {"txt":"","price":"0"} 
2.10.2023, 12:10:37 - INFO - Sample Logger Middleware 
2.10.2023, 12:10:37 - DEBUG - Getting Cars: | {"txt":"","price":"0"} 
2.10.2023, 12:10:39 - INFO - Sample Logger Middleware (userId: 65199f6b72b0cbdda7d78774)
2.10.2023, 12:10:39 - DEBUG - Getting Cars: | {"txt":"","price":"0"} (userId: 65199f6b72b0cbdda7d78774)
2.10.2023, 12:10:44 - DEBUG - auth.service - login with username: popo 
2.10.2023, 12:10:44 - INFO - User login:  | {"_id":"6519a0797f5222e124576a39","username":"popo","fullname":"Popo McPopo","imgUrl":null,"score":110} 
2.10.2023, 12:10:45 - INFO - Sample Logger Middleware (userId: 6519a0797f5222e124576a39)
2.10.2023, 12:10:45 - DEBUG - Getting Cars: | {"txt":"","price":"0"} (userId: 6519a0797f5222e124576a39)
2.10.2023, 12:11:00 - INFO - Sample Logger Middleware (userId: 6519a0797f5222e124576a39)
2.10.2023, 12:11:00 - DEBUG - Getting Cars: | {"txt":"","price":"0"} (userId: 6519a0797f5222e124576a39)
2.10.2023, 12:11:06 - INFO - Sample Logger Middleware (userId: 65199f6b72b0cbdda7d78774)
2.10.2023, 12:11:06 - DEBUG - Getting Cars: | {"txt":"","price":"0"} (userId: 65199f6b72b0cbdda7d78774)
2.10.2023, 12:13:34 - INFO - New connected socket [id: o-AtlqaRQhuoWmH5AAAC] 
2.10.2023, 12:13:34 - INFO - New connected socket [id: S48fWW-inTqWWnm5AAAD] 
2.10.2023, 12:13:34 - INFO - New connected socket [id: V5jFvZd1opZZGVORAAAF] 
2.10.2023, 12:13:34 - INFO - Setting socket.userId = 6519a0797f5222e124576a39 for socket [id: S48fWW-inTqWWnm5AAAD] 
2.10.2023, 12:13:34 - INFO - Setting socket.userId = 65199f6b72b0cbdda7d78774 for socket [id: V5jFvZd1opZZGVORAAAF] 
2.10.2023, 12:13:36 - INFO - New connected socket [id: 0ez80kayLtnh-aMkAAAI] 
2.10.2023, 12:13:36 - INFO - New connected socket [id: zLzsVcmX2cvKqLVFAAAK] 
2.10.2023, 12:13:36 - INFO - Setting socket.userId = 6519a0797f5222e124576a39 for socket [id: 0ez80kayLtnh-aMkAAAI] 
2.10.2023, 12:13:36 - INFO - New connected socket [id: OSz8PiMoJu6665q9AAAL] 
2.10.2023, 12:13:36 - INFO - Setting socket.userId = 65199f6b72b0cbdda7d78774 for socket [id: OSz8PiMoJu6665q9AAAL] 
2.10.2023, 12:15:53 - INFO - New connected socket [id: MGsCOWLE3SCwx__SAAAO] 
2.10.2023, 12:15:53 - INFO - New connected socket [id: lQo6M_vBKffHVV2DAAAP] 
2.10.2023, 12:15:53 - INFO - Setting socket.userId = 6519a0797f5222e124576a39 for socket [id: lQo6M_vBKffHVV2DAAAP] 
2.10.2023, 12:15:53 - INFO - New connected socket [id: SF8Ntmv7xoNMdsfIAAAR] 
2.10.2023, 12:15:53 - INFO - Setting socket.userId = 65199f6b72b0cbdda7d78774 for socket [id: SF8Ntmv7xoNMdsfIAAAR] 
2.10.2023, 12:18:35 - INFO - Server is running on port: 3030 
2.10.2023, 12:18:36 - INFO - New connected socket [id: Re3-V1LuyjeG8VekAAAB] 
2.10.2023, 12:18:36 - INFO - New connected socket [id: VtpPVPYjToCyEi8xAAAG] 
2.10.2023, 12:18:36 - INFO - New connected socket [id: J3QDhLiKwZcfVjBQAAAH] 
2.10.2023, 12:18:36 - INFO - New connected socket [id: eWkYNyjBs0F1DzJjAAAI] 
2.10.2023, 12:18:36 - INFO - New connected socket [id: kRLOy6it_-J62jBuAAAJ] 
2.10.2023, 12:18:36 - INFO - New connected socket [id: ivNgDu7h-e1xUlGMAAAL] 
2.10.2023, 12:18:37 - INFO - New connected socket [id: 5aXuPSzll4tgmBtxAAAP] 
2.10.2023, 12:18:37 - INFO - New connected socket [id: YFB3pPijktn9x2KUAAAQ] 
2.10.2023, 12:18:37 - INFO - New connected socket [id: HsY513O4o4rNUq0_AAAR] 
2.10.2023, 12:19:18 - INFO - Socket disconnected [id: undefined] 
2.10.2023, 12:19:18 - INFO - Socket disconnected [id: undefined] 
2.10.2023, 12:19:18 - INFO - Socket disconnected [id: undefined] 
2.10.2023, 12:19:19 - INFO - New connected socket [id: cO65-83av_kZEpvmAAAT] 
2.10.2023, 12:19:19 - INFO - Setting socket.userId = 65199f6b72b0cbdda7d78774 for socket [id: cO65-83av_kZEpvmAAAT] 
2.10.2023, 12:19:19 - INFO - Socket disconnected [id: undefined] 
2.10.2023, 12:19:19 - INFO - New connected socket [id: 8L3HsAl_sduO8UoHAAAV] 
2.10.2023, 12:19:19 - INFO - Setting socket.userId = 65199f6b72b0cbdda7d78774 for socket [id: 8L3HsAl_sduO8UoHAAAV] 
2.10.2023, 12:19:20 - INFO - Socket disconnected [id: undefined] 
2.10.2023, 12:19:20 - INFO - New connected socket [id: ewhYgBGiceek5ta2AAAX] 
2.10.2023, 12:19:20 - INFO - Setting socket.userId = 65199f6b72b0cbdda7d78774 for socket [id: ewhYgBGiceek5ta2AAAX] 
2.10.2023, 12:19:23 - INFO - New chat msg from socket [id: VtpPVPYjToCyEi8xAAAG], emitting to topic Love 
2.10.2023, 12:19:25 - INFO - New chat msg from socket [id: ewhYgBGiceek5ta2AAAX], emitting to topic Love 
2.10.2023, 12:19:26 - INFO - Socket is leaving topic Love [id: ewhYgBGiceek5ta2AAAX] 
2.10.2023, 12:19:27 - INFO - New chat msg from socket [id: ewhYgBGiceek5ta2AAAX], emitting to topic Politics 
2.10.2023, 12:19:30 - INFO - Socket is leaving topic Love [id: VtpPVPYjToCyEi8xAAAG] 
2.10.2023, 12:19:31 - INFO - New chat msg from socket [id: VtpPVPYjToCyEi8xAAAG], emitting to topic Politics 
2.10.2023, 12:19:41 - INFO - Socket is leaving topic Politics [id: VtpPVPYjToCyEi8xAAAG] 
2.10.2023, 12:19:41 - INFO - Socket is leaving topic Love [id: VtpPVPYjToCyEi8xAAAG] 
2.10.2023, 12:19:42 - INFO - Socket is leaving topic Politics [id: VtpPVPYjToCyEi8xAAAG] 
2.10.2023, 12:19:43 - INFO - Socket is leaving topic Love [id: VtpPVPYjToCyEi8xAAAG] 
2.10.2023, 12:19:43 - INFO - Socket is leaving topic Politics [id: VtpPVPYjToCyEi8xAAAG] 
2.10.2023, 12:19:46 - INFO - New chat msg from socket [id: VtpPVPYjToCyEi8xAAAG], emitting to topic Love 
2.10.2023, 12:19:48 - INFO - Socket is leaving topic Politics [id: ewhYgBGiceek5ta2AAAX] 
2.10.2023, 12:19:49 - INFO - New chat msg from socket [id: ewhYgBGiceek5ta2AAAX], emitting to topic Love 
2.10.2023, 12:19:55 - INFO - Socket is leaving topic Love [id: ewhYgBGiceek5ta2AAAX] 
2.10.2023, 12:21:31 - INFO - Socket disconnected [id: undefined] 
2.10.2023, 12:21:31 - INFO - New connected socket [id: yNHRyVXMUJTh9x67AAAZ] 
2.10.2023, 12:21:31 - INFO - Setting socket.userId = 65199f6b72b0cbdda7d78774 for socket [id: yNHRyVXMUJTh9x67AAAZ] 
2.10.2023, 12:21:32 - INFO - Sample Logger Middleware (userId: 65199f6b72b0cbdda7d78774)
2.10.2023, 12:21:33 - INFO - Sample Logger Middleware (userId: 6519a0797f5222e124576a39)
2.10.2023, 12:21:34 - INFO - Socket disconnected [id: undefined] 
2.10.2023, 12:21:34 - INFO - Socket disconnected [id: undefined] 
2.10.2023, 12:21:34 - INFO - Socket disconnected [id: undefined] 
2.10.2023, 12:21:34 - INFO - Sample Logger Middleware (userId: 6519a0797f5222e124576a39)
2.10.2023, 12:21:34 - INFO - New connected socket [id: mKW9GbC723UvVrdkAAAb] 
2.10.2023, 12:21:34 - INFO - Setting socket.userId = 6519a0797f5222e124576a39 for socket [id: mKW9GbC723UvVrdkAAAb] 
2.10.2023, 12:21:39 - INFO - Sample Logger Middleware (userId: 65199f6b72b0cbdda7d78774)
2.10.2023, 12:21:39 - INFO - addReview | {"_id":"65199f6b72b0cbdda7d78774","fullname":"Nina Simantov","score":170} (userId: 65199f6b72b0cbdda7d78774)
2.10.2023, 12:21:39 - INFO - Broadcasting event: review-added (userId: 65199f6b72b0cbdda7d78774)
2.10.2023, 12:21:39 - INFO - Broadcast to all excluding user: 65199f6b72b0cbdda7d78774 (userId: 65199f6b72b0cbdda7d78774)
2.10.2023, 12:21:39 - INFO - Emiting event: review-about-you to user: 6519a0797f5222e124576a39 socket [id: mKW9GbC723UvVrdkAAAb] (userId: 65199f6b72b0cbdda7d78774)
2.10.2023, 12:21:40 - INFO - Socket disconnected [id: undefined] 
2.10.2023, 12:21:41 - INFO - Sample Logger Middleware (userId: 65199f6b72b0cbdda7d78774)
2.10.2023, 12:21:41 - INFO - New connected socket [id: RuUAa9_PhdRHqdVnAAAd] 
2.10.2023, 12:21:41 - INFO - Setting socket.userId = 65199f6b72b0cbdda7d78774 for socket [id: RuUAa9_PhdRHqdVnAAAd] 
2.10.2023, 12:21:43 - INFO - Socket disconnected [id: undefined] 
2.10.2023, 12:21:43 - INFO - Sample Logger Middleware (userId: 6519a0797f5222e124576a39)
2.10.2023, 12:21:43 - INFO - New connected socket [id: aW13S80ed16FnfpjAAAf] 
2.10.2023, 12:21:43 - INFO - Setting socket.userId = 6519a0797f5222e124576a39 for socket [id: aW13S80ed16FnfpjAAAf] 
2.10.2023, 12:21:45 - INFO - Broadcasting event: review-removed (userId: 65199f6b72b0cbdda7d78774)
2.10.2023, 12:21:45 - INFO - Broadcast to all excluding user: 65199f6b72b0cbdda7d78774 (userId: 65199f6b72b0cbdda7d78774)
2.10.2023, 12:21:46 - INFO - Socket disconnected [id: undefined] 
2.10.2023, 12:21:46 - INFO - Sample Logger Middleware (userId: 65199f6b72b0cbdda7d78774)
2.10.2023, 12:21:46 - INFO - New connected socket [id: aMj3fUHbztg-J21sAAAh] 
2.10.2023, 12:21:46 - INFO - Setting socket.userId = 65199f6b72b0cbdda7d78774 for socket [id: aMj3fUHbztg-J21sAAAh] 
2.10.2023, 12:21:47 - INFO - Socket disconnected [id: undefined] 
2.10.2023, 12:21:47 - INFO - Sample Logger Middleware (userId: 6519a0797f5222e124576a39)
2.10.2023, 12:21:47 - INFO - New connected socket [id: fNjBb5J4IJgAv_CXAAAj] 
2.10.2023, 12:21:47 - INFO - Setting socket.userId = 6519a0797f5222e124576a39 for socket [id: fNjBb5J4IJgAv_CXAAAj] 
2.10.2023, 12:30:11 - INFO - Socket disconnected [id: undefined] 
2.10.2023, 12:30:11 - INFO - Sample Logger Middleware (userId: 65199f6b72b0cbdda7d78774)
2.10.2023, 12:30:11 - INFO - New connected socket [id: CgJqIoYOIEcIAIb7AAAl] 
2.10.2023, 12:30:11 - INFO - Setting socket.userId = 65199f6b72b0cbdda7d78774 for socket [id: CgJqIoYOIEcIAIb7AAAl] 
2.10.2023, 12:30:12 - INFO - Socket disconnected [id: undefined] 
2.10.2023, 12:30:12 - INFO - Sample Logger Middleware (userId: 6519a0797f5222e124576a39)
2.10.2023, 12:30:12 - INFO - New connected socket [id: P_cLan0nZI2PjT9YAAAn] 
2.10.2023, 12:30:12 - INFO - Setting socket.userId = 6519a0797f5222e124576a39 for socket [id: P_cLan0nZI2PjT9YAAAn] 
2.10.2023, 12:31:42 - INFO - Socket disconnected [id: undefined] 
2.10.2023, 12:31:42 - INFO - Sample Logger Middleware (userId: 65199f6b72b0cbdda7d78774)
2.10.2023, 12:31:42 - INFO - New connected socket [id: E37paveoSAIIIVkFAAAp] 
2.10.2023, 12:31:42 - INFO - Setting socket.userId = 65199f6b72b0cbdda7d78774 for socket [id: E37paveoSAIIIVkFAAAp] 
2.10.2023, 12:31:42 - INFO - Socket disconnected [id: undefined] 
2.10.2023, 12:31:42 - INFO - Sample Logger Middleware (userId: 6519a0797f5222e124576a39)
2.10.2023, 12:31:42 - INFO - New connected socket [id: xCjMIPFMksiYeMhwAAAr] 
2.10.2023, 12:31:42 - INFO - Setting socket.userId = 6519a0797f5222e124576a39 for socket [id: xCjMIPFMksiYeMhwAAAr] 
2.10.2023, 12:32:35 - INFO - Server is running on port: 3030 
2.10.2023, 12:32:36 - INFO - New connected socket [id: SYCA3NSvBl6XKp5sAAAB] 
2.10.2023, 12:32:36 - INFO - New connected socket [id: e1Uxg46defsV6ex5AAAD] 
2.10.2023, 12:32:36 - INFO - New connected socket [id: m0Aemh11EaO9FuTcAAAF] 
2.10.2023, 12:32:37 - INFO - New connected socket [id: jK-MdD3i0pZQl80dAAAI] 
2.10.2023, 12:32:37 - INFO - New connected socket [id: 8IqpKO4_9kzWe5ekAAAJ] 
2.10.2023, 12:32:59 - INFO - Server is running on port: 3030 
2.10.2023, 12:33:00 - INFO - New connected socket [id: vN9GfJ07ONRbHUd1AAAB] 
2.10.2023, 12:33:00 - INFO - New connected socket [id: QTMcZigGom2WVXIVAAAD] 
2.10.2023, 12:33:00 - INFO - New connected socket [id: rbbZZkSKiu7merdqAAAF] 
2.10.2023, 12:33:01 - INFO - New connected socket [id: sEtf-o1daQPfjR72AAAI] 
2.10.2023, 12:33:01 - INFO - New connected socket [id: CqH0bn_klYP9611IAAAJ] 
2.10.2023, 12:33:39 - INFO - Sample Logger Middleware (userId: 65199f6b72b0cbdda7d78774)
2.10.2023, 12:33:39 - DEBUG - Getting Cars: | {"txt":"","price":"0"} (userId: 65199f6b72b0cbdda7d78774)
2.10.2023, 12:33:42 - INFO - Sample Logger Middleware (userId: 6519a0797f5222e124576a39)
2.10.2023, 12:33:42 - DEBUG - Getting Cars: | {"txt":"","price":"0"} (userId: 6519a0797f5222e124576a39)
2.10.2023, 12:33:43 - INFO - Socket disconnected [id: undefined] 
2.10.2023, 12:33:43 - INFO - Sample Logger Middleware (userId: 65199f6b72b0cbdda7d78774)
2.10.2023, 12:33:43 - DEBUG - Getting Cars: | {"txt":"","price":"0"} (userId: 65199f6b72b0cbdda7d78774)
2.10.2023, 12:33:43 - INFO - New connected socket [id: q4rmlC72vK_nPsLkAAAL] 
2.10.2023, 12:33:43 - INFO - Setting socket.userId = 65199f6b72b0cbdda7d78774 for socket [id: q4rmlC72vK_nPsLkAAAL] 
2.10.2023, 12:33:46 - INFO - Socket disconnected [id: undefined] 
2.10.2023, 12:33:46 - INFO - Sample Logger Middleware (userId: 65199f6b72b0cbdda7d78774)
2.10.2023, 12:33:46 - DEBUG - Getting Cars: | {"txt":"","price":"0"} (userId: 65199f6b72b0cbdda7d78774)
2.10.2023, 12:33:46 - INFO - New connected socket [id: mQM3qnkaN_AS12nrAAAN] 
2.10.2023, 12:33:46 - INFO - Setting socket.userId = 65199f6b72b0cbdda7d78774 for socket [id: mQM3qnkaN_AS12nrAAAN] 
2.10.2023, 12:33:47 - INFO - Socket disconnected [id: undefined] 
2.10.2023, 12:33:47 - INFO - Sample Logger Middleware (userId: 6519a0797f5222e124576a39)
2.10.2023, 12:33:47 - DEBUG - Getting Cars: | {"txt":"","price":"0"} (userId: 6519a0797f5222e124576a39)
2.10.2023, 12:33:47 - INFO - New connected socket [id: ABTEag6MQjgCKRTpAAAP] 
2.10.2023, 12:33:47 - INFO - Setting socket.userId = 6519a0797f5222e124576a39 for socket [id: ABTEag6MQjgCKRTpAAAP] 
2.10.2023, 12:33:52 - INFO - Socket disconnected [id: undefined] 
2.10.2023, 12:33:52 - INFO - Sample Logger Middleware (userId: 65199f6b72b0cbdda7d78774)
2.10.2023, 12:33:52 - DEBUG - Getting Cars: | {"txt":"","price":"0"} (userId: 65199f6b72b0cbdda7d78774)
2.10.2023, 12:33:52 - INFO - New connected socket [id: FMI_PVjZBlq3ouonAAAR] 
2.10.2023, 12:33:52 - INFO - Setting socket.userId = 65199f6b72b0cbdda7d78774 for socket [id: FMI_PVjZBlq3ouonAAAR] 
2.10.2023, 12:33:55 - INFO - Socket disconnected [id: undefined] 
2.10.2023, 12:33:55 - INFO - Sample Logger Middleware (userId: 65199f6b72b0cbdda7d78774)
2.10.2023, 12:33:55 - DEBUG - Getting Cars: | {"txt":"","price":"0"} (userId: 65199f6b72b0cbdda7d78774)
2.10.2023, 12:33:55 - INFO - New connected socket [id: 7T6Da-JtD6050zBIAAAT] 
2.10.2023, 12:33:55 - INFO - Setting socket.userId = 65199f6b72b0cbdda7d78774 for socket [id: 7T6Da-JtD6050zBIAAAT] 
2.10.2023, 12:34:50 - INFO - Server is running on port: 3030 
2.10.2023, 12:34:50 - INFO - New connected socket [id: dp5bcxAR4zxTUSDfAAAB] 
2.10.2023, 12:34:51 - INFO - New connected socket [id: 5tFrHL3c2QgWZmoxAAAD] 
2.10.2023, 12:34:51 - INFO - New connected socket [id: hT3742BZW8VwzpfBAAAG] 
2.10.2023, 12:34:51 - INFO - New connected socket [id: F7RSB6wyv5TVBIHLAAAH] 
2.10.2023, 12:34:51 - INFO - New connected socket [id: z9Dj77dZVUsVhM-dAAAJ] 
2.10.2023, 12:35:08 - INFO - Server is running on port: 3030 
2.10.2023, 12:35:08 - INFO - New connected socket [id: vHRbFbupXNz66hlTAAAB] 
2.10.2023, 12:35:09 - INFO - New connected socket [id: 3NPMSb--rWiD4gFmAAAD] 
2.10.2023, 12:35:09 - INFO - New connected socket [id: bh9n92dwbxdJWsIiAAAF] 
2.10.2023, 12:35:09 - INFO - New connected socket [id: gCMPGU1WnbrFxfXLAAAI] 
2.10.2023, 12:35:09 - INFO - New connected socket [id: Z8aBYacx8joiN6aAAAAJ] 
2.10.2023, 12:35:13 - INFO - Server is running on port: 3030 
2.10.2023, 12:35:14 - INFO - New connected socket [id: n3hWkxHcQeimfLNoAAAB] 
2.10.2023, 12:35:14 - INFO - New connected socket [id: bpwFDIte0dSFtVf2AAAD] 
2.10.2023, 12:35:14 - INFO - New connected socket [id: IwtxTgLdYHSj7C_rAAAF] 
2.10.2023, 12:35:14 - INFO - New connected socket [id: e0iRAwGOpttKlttiAAAH] 
2.10.2023, 12:35:15 - INFO - New connected socket [id: RbHhFBukRtKjnf3JAAAJ] 
2.10.2023, 12:35:22 - INFO - Server is running on port: 3030 
2.10.2023, 12:35:22 - INFO - New connected socket [id: oxmLcsbeKkzFf0UoAAAB] 
2.10.2023, 12:35:22 - INFO - New connected socket [id: D6qaSyWmnAbUoqbPAAAD] 
2.10.2023, 12:35:22 - INFO - New connected socket [id: TWlcw07KWsEjxQCCAAAF] 
2.10.2023, 12:35:23 - INFO - New connected socket [id: xST46hqkipoV_C5wAAAI] 
2.10.2023, 12:35:23 - INFO - New connected socket [id: NZObugf1FDKMLzBcAAAJ] 
2.10.2023, 12:35:42 - INFO - Server is running on port: 3030 
2.10.2023, 12:35:42 - INFO - New connected socket [id: ozpcaqhIWfS2ZgAjAAAB] 
2.10.2023, 12:35:43 - INFO - New connected socket [id: GO-1779cLiUqWfbGAAAD] 
2.10.2023, 12:35:43 - INFO - New connected socket [id: iDaPMKP_QyNoWyGMAAAF] 
2.10.2023, 12:35:44 - INFO - New connected socket [id: cb1AUYhnK7sllf_AAAAI] 
2.10.2023, 12:35:44 - INFO - New connected socket [id: n62pGgyHKjuhjGfSAAAJ] 
2.10.2023, 12:36:38 - INFO - Server is running on port: 3030 
2.10.2023, 12:36:38 - INFO - New connected socket [id: As7BnCGSo_qThK0RAAAB] 
2.10.2023, 12:36:38 - INFO - New connected socket [id: sRR1FQCCfDBbtyZUAAAD] 
2.10.2023, 12:36:38 - INFO - New connected socket [id: iXpNcHy1ZNV_eOl9AAAF] 
2.10.2023, 12:36:39 - INFO - New connected socket [id: q9QGLvXwDInC59iSAAAI] 
2.10.2023, 12:36:39 - INFO - New connected socket [id: z0UEEDCHf4YR61JBAAAJ] 
2.10.2023, 12:36:56 - INFO - Server is running on port: 3030 
2.10.2023, 12:36:57 - INFO - New connected socket [id: ofla_Xo7AMcUjpopAAAB] 
2.10.2023, 12:36:57 - INFO - New connected socket [id: VVVFDBC-f4n8-vuwAAAD] 
2.10.2023, 12:36:57 - INFO - New connected socket [id: sIxcylfvnxdbh3OhAAAF] 
2.10.2023, 12:36:58 - INFO - New connected socket [id: zxn7p0ghZ61ij6j8AAAI] 
2.10.2023, 12:36:58 - INFO - New connected socket [id: RJ4oeUgkhhVVpiCmAAAJ] 
2.10.2023, 12:37:31 - INFO - Server is running on port: 3030 
2.10.2023, 12:37:31 - INFO - New connected socket [id: i3ydeZ2qSTEKDegMAAAB] 
2.10.2023, 12:37:32 - INFO - New connected socket [id: yZxEpLvjNkQ2hXKCAAAD] 
2.10.2023, 12:37:32 - INFO - New connected socket [id: rvX84YVcfqZmGLowAAAF] 
2.10.2023, 12:37:32 - INFO - New connected socket [id: 9yfIl7rkqbWqpgSDAAAH] 
2.10.2023, 12:37:33 - INFO - New connected socket [id: bkGqQcmaXrdSml9QAAAJ] 
2.10.2023, 12:38:32 - INFO - Server is running on port: 3030 
2.10.2023, 12:38:33 - INFO - New connected socket [id: SIs_GR5U8EUEOFgIAAAB] 
2.10.2023, 12:38:33 - INFO - New connected socket [id: CrXZjrXx8nwpRq9qAAAD] 
2.10.2023, 12:38:33 - INFO - New connected socket [id: Jvjy_x6_IQ4FqerSAAAF] 
2.10.2023, 12:38:34 - INFO - New connected socket [id: yNuZZD42alysV-VcAAAI] 
2.10.2023, 12:38:34 - INFO - New connected socket [id: 90OupQBratldUoFoAAAJ] 
2.10.2023, 12:38:43 - INFO - Server is running on port: 3030 
2.10.2023, 12:38:44 - INFO - New connected socket [id: Z5__VYKMaZNQvqMmAAAB] 
2.10.2023, 12:38:44 - INFO - New connected socket [id: EtUC8GhAgCUb-m6JAAAD] 
2.10.2023, 12:38:45 - INFO - New connected socket [id: -pMBiEjBfHYHlKVWAAAF] 
2.10.2023, 12:38:45 - INFO - New connected socket [id: PVhr33eDZwiULfPKAAAI] 
2.10.2023, 12:38:45 - INFO - New connected socket [id: eJd1nXVCi3Qh3pPoAAAJ] 
2.10.2023, 12:38:54 - INFO - Server is running on port: 3030 
2.10.2023, 12:38:55 - INFO - New connected socket [id: muS0acEeKnv81OzjAAAB] 
2.10.2023, 12:38:55 - INFO - New connected socket [id: qUeY6WBHBTYCMK4LAAAD] 
2.10.2023, 12:38:56 - INFO - New connected socket [id: M0bvCmt7uvXbn95VAAAF] 
2.10.2023, 12:38:56 - INFO - New connected socket [id: 5zTED42VCd5UJV80AAAI] 
2.10.2023, 12:38:56 - INFO - New connected socket [id: Cv_wRpNmdPxWn05fAAAJ] 
2.10.2023, 12:39:54 - INFO - Sample Logger Middleware (userId: 6519a0797f5222e124576a39)
2.10.2023, 12:39:54 - DEBUG - Getting Cars: | {"txt":"","price":"0"} (userId: 6519a0797f5222e124576a39)
2.10.2023, 12:39:54 - INFO - Sample Logger Middleware (userId: 65199f6b72b0cbdda7d78774)
2.10.2023, 12:39:54 - DEBUG - Getting Cars: | {"txt":"","price":"0"} (userId: 65199f6b72b0cbdda7d78774)
2.10.2023, 12:40:41 - INFO - Server is running on port: 3030 
2.10.2023, 12:40:42 - INFO - New connected socket [id: waAJ9fCTU_LN_-gSAAAB] 
2.10.2023, 12:40:42 - INFO - New connected socket [id: 3ND5xQQiGRgtm4DpAAAD] 
2.10.2023, 12:40:42 - INFO - New connected socket [id: bDcBw96Bw_4cybYwAAAF] 
2.10.2023, 12:40:43 - INFO - New connected socket [id: cKAi6GbKCS6aonbIAAAI] 
2.10.2023, 12:40:43 - INFO - New connected socket [id: I_WgcbZeUx2Lw4P-AAAJ] 
2.10.2023, 12:41:25 - INFO - Sample Logger Middleware (userId: 6519a0797f5222e124576a39)
2.10.2023, 12:41:25 - DEBUG - Getting Cars: | {"txt":"","price":"0"} (userId: 6519a0797f5222e124576a39)
2.10.2023, 12:41:25 - INFO - Sample Logger Middleware (userId: 65199f6b72b0cbdda7d78774)
2.10.2023, 12:41:25 - DEBUG - Getting Cars: | {"txt":"","price":"0"} (userId: 65199f6b72b0cbdda7d78774)
2.10.2023, 12:41:54 - INFO - New connected socket [id: v7QSfoGJ1AoGgyZmAAAN] 
2.10.2023, 12:41:54 - INFO - New connected socket [id: qxQZfmmb2NifqzVjAAAO] 
2.10.2023, 12:41:54 - INFO - New connected socket [id: 5QDCfuuMWZONAg4TAAAP] 
2.10.2023, 12:41:54 - INFO - Setting socket.userId = 6519a0797f5222e124576a39 for socket [id: v7QSfoGJ1AoGgyZmAAAN] 
2.10.2023, 12:41:54 - INFO - Setting socket.userId = 65199f6b72b0cbdda7d78774 for socket [id: 5QDCfuuMWZONAg4TAAAP] 
2.10.2023, 12:42:26 - INFO - Sample Logger Middleware (userId: 6519a0797f5222e124576a39)
2.10.2023, 12:42:26 - DEBUG - Getting Cars: | {"txt":"","price":"0"} (userId: 6519a0797f5222e124576a39)
2.10.2023, 12:42:26 - INFO - Sample Logger Middleware (userId: 65199f6b72b0cbdda7d78774)
2.10.2023, 12:42:26 - DEBUG - Getting Cars: | {"txt":"","price":"0"} (userId: 65199f6b72b0cbdda7d78774)
2.10.2023, 12:43:06 - DEBUG - Getting Cars: | {"txt":"","price":"0"} (userId: 6519a0797f5222e124576a39)
2.10.2023, 12:43:06 - INFO - Sample Logger Middleware (userId: 6519a0797f5222e124576a39)
2.10.2023, 12:43:06 - INFO - Sample Logger Middleware (userId: 65199f6b72b0cbdda7d78774)
2.10.2023, 12:43:06 - DEBUG - Getting Cars: | {"txt":"","price":"0"} (userId: 65199f6b72b0cbdda7d78774)
2.10.2023, 12:43:48 - INFO - Sample Logger Middleware (userId: 6519a0797f5222e124576a39)
2.10.2023, 12:43:48 - DEBUG - Getting Cars: | {"txt":"","price":"0"} (userId: 6519a0797f5222e124576a39)
2.10.2023, 12:43:48 - INFO - Sample Logger Middleware (userId: 65199f6b72b0cbdda7d78774)
2.10.2023, 12:43:48 - DEBUG - Getting Cars: | {"txt":"","price":"0"} (userId: 65199f6b72b0cbdda7d78774)
2.10.2023, 12:44:02 - INFO - Sample Logger Middleware (userId: 6519a0797f5222e124576a39)
2.10.2023, 12:44:02 - DEBUG - Getting Cars: | {"txt":"","price":"0"} (userId: 6519a0797f5222e124576a39)
2.10.2023, 12:44:02 - INFO - Sample Logger Middleware (userId: 65199f6b72b0cbdda7d78774)
2.10.2023, 12:44:02 - DEBUG - Getting Cars: | {"txt":"","price":"0"} (userId: 65199f6b72b0cbdda7d78774)
2.10.2023, 12:44:26 - INFO - Sample Logger Middleware (userId: 6519a0797f5222e124576a39)
2.10.2023, 12:44:26 - DEBUG - Getting Cars: | {"txt":"","price":"0"} (userId: 6519a0797f5222e124576a39)
2.10.2023, 12:44:26 - INFO - Sample Logger Middleware (userId: 65199f6b72b0cbdda7d78774)
2.10.2023, 12:44:26 - DEBUG - Getting Cars: | {"txt":"","price":"0"} (userId: 65199f6b72b0cbdda7d78774)
2.10.2023, 12:44:45 - INFO - Sample Logger Middleware (userId: 6519a0797f5222e124576a39)
2.10.2023, 12:44:45 - DEBUG - Getting Cars: | {"txt":"","price":"0"} (userId: 6519a0797f5222e124576a39)
2.10.2023, 12:44:45 - INFO - Sample Logger Middleware (userId: 65199f6b72b0cbdda7d78774)
2.10.2023, 12:44:45 - DEBUG - Getting Cars: | {"txt":"","price":"0"} (userId: 65199f6b72b0cbdda7d78774)
2.10.2023, 12:44:48 - INFO - Sample Logger Middleware (userId: 6519a0797f5222e124576a39)
2.10.2023, 12:44:48 - DEBUG - Getting Cars: | {"txt":"","price":"0"} (userId: 6519a0797f5222e124576a39)
2.10.2023, 12:44:48 - INFO - Sample Logger Middleware (userId: 65199f6b72b0cbdda7d78774)
2.10.2023, 12:44:48 - DEBUG - Getting Cars: | {"txt":"","price":"0"} (userId: 65199f6b72b0cbdda7d78774)
2.10.2023, 12:44:50 - INFO - Socket disconnected [id: undefined] 
2.10.2023, 12:44:50 - INFO - Socket disconnected [id: undefined] 
2.10.2023, 12:44:50 - INFO - Sample Logger Middleware (userId: 65199f6b72b0cbdda7d78774)
2.10.2023, 12:44:50 - DEBUG - Getting Cars: | {"txt":"","price":"0"} (userId: 65199f6b72b0cbdda7d78774)
2.10.2023, 12:44:50 - INFO - New connected socket [id: SXp7YmCz7_OcBkQTAAAR] 
2.10.2023, 12:44:50 - INFO - Setting socket.userId = 65199f6b72b0cbdda7d78774 for socket [id: SXp7YmCz7_OcBkQTAAAR] 
2.10.2023, 12:44:51 - INFO - Socket disconnected [id: undefined] 
2.10.2023, 12:44:51 - INFO - Socket disconnected [id: undefined] 
2.10.2023, 12:44:51 - INFO - Sample Logger Middleware (userId: 6519a0797f5222e124576a39)
2.10.2023, 12:44:51 - DEBUG - Getting Cars: | {"txt":"","price":"0"} (userId: 6519a0797f5222e124576a39)
2.10.2023, 12:44:51 - INFO - New connected socket [id: ACwx1nKuxe10qHFCAAAT] 
2.10.2023, 12:44:51 - INFO - Setting socket.userId = 6519a0797f5222e124576a39 for socket [id: ACwx1nKuxe10qHFCAAAT] 
2.10.2023, 12:44:51 - INFO - Socket disconnected [id: undefined] 
2.10.2023, 12:44:52 - INFO - Sample Logger Middleware (userId: 6519a0797f5222e124576a39)
2.10.2023, 12:44:52 - DEBUG - Getting Cars: | {"txt":"","price":"0"} (userId: 6519a0797f5222e124576a39)
2.10.2023, 12:44:52 - INFO - New connected socket [id: jX1KxqVtuVZKBY7SAAAV] 
2.10.2023, 12:44:52 - INFO - Setting socket.userId = 6519a0797f5222e124576a39 for socket [id: jX1KxqVtuVZKBY7SAAAV] 
2.10.2023, 12:44:55 - INFO - Broadcasting event: car-added (userId: 65199f6b72b0cbdda7d78774)
2.10.2023, 12:44:55 - INFO - Broadcast to all excluding user: 65199f6b72b0cbdda7d78774 (userId: 65199f6b72b0cbdda7d78774)
2.10.2023, 12:45:11 - INFO - Broadcasting event: car-added (userId: 6519a0797f5222e124576a39)
2.10.2023, 12:45:11 - INFO - Broadcast to all excluding user: 6519a0797f5222e124576a39 (userId: 6519a0797f5222e124576a39)
2.10.2023, 12:46:57 - INFO - Sample Logger Middleware (userId: 6519a0797f5222e124576a39)
2.10.2023, 12:46:57 - DEBUG - Getting Cars: | {"txt":"","price":"0"} (userId: 6519a0797f5222e124576a39)
2.10.2023, 12:46:57 - DEBUG - Getting Cars: | {"txt":"","price":"0"} (userId: 65199f6b72b0cbdda7d78774)
2.10.2023, 12:46:57 - INFO - Sample Logger Middleware (userId: 65199f6b72b0cbdda7d78774)
2.10.2023, 12:47:46 - INFO - Sample Logger Middleware (userId: 6519a0797f5222e124576a39)
2.10.2023, 12:47:46 - DEBUG - Getting Cars: | {"txt":"","price":"0"} (userId: 6519a0797f5222e124576a39)
2.10.2023, 12:47:46 - INFO - Sample Logger Middleware (userId: 65199f6b72b0cbdda7d78774)
2.10.2023, 12:47:46 - DEBUG - Getting Cars: | {"txt":"","price":"0"} (userId: 65199f6b72b0cbdda7d78774)
2.10.2023, 12:48:51 - INFO - Server is running on port: 3030 
2.10.2023, 12:48:51 - INFO - New connected socket [id: gKbqSm6R39RPai1MAAAB] 
2.10.2023, 12:48:51 - INFO - New connected socket [id: x2Hs_Z70jVrNdePcAAAD] 
2.10.2023, 12:48:51 - INFO - New connected socket [id: TJBQNarKsJSXdogDAAAF] 
2.10.2023, 12:48:52 - INFO - New connected socket [id: L6LUF6B1-O-hCduhAAAH] 
2.10.2023, 12:48:52 - INFO - New connected socket [id: ZzrN-1qzFuDbT_pZAAAJ] 
2.10.2023, 12:48:53 - INFO - New connected socket [id: V75oSx9_E4fSMJ5ZAAAL] 
2.10.2023, 12:49:19 - INFO - Server is running on port: 3030 
2.10.2023, 12:49:20 - INFO - New connected socket [id: Y32D_2AN8lkBJNlRAAAB] 
2.10.2023, 12:49:20 - INFO - New connected socket [id: lLtPIeyvZ8CROjX2AAAD] 
2.10.2023, 12:49:20 - INFO - New connected socket [id: -wXr4h6jCdfubExWAAAF] 
2.10.2023, 12:49:21 - INFO - New connected socket [id: KZ5RMQei1A_dIHuuAAAH] 
2.10.2023, 12:49:21 - INFO - New connected socket [id: 0QaT8Wg8_sdcC2_NAAAK] 
2.10.2023, 12:49:21 - INFO - New connected socket [id: SlC1Zn2EhMrhbEN0AAAL] 
2.10.2023, 12:49:28 - INFO - Server is running on port: 3030 
2.10.2023, 12:49:29 - INFO - New connected socket [id: DtIRgN2gJyWyj5fGAAAB] 
2.10.2023, 12:49:29 - INFO - New connected socket [id: fIAZ8SfAFxQrsUGDAAAD] 
2.10.2023, 12:49:29 - INFO - New connected socket [id: QbpUMfOBqcDwdzyBAAAF] 
2.10.2023, 12:49:30 - INFO - New connected socket [id: x6UOzhApQehHJA13AAAH] 
2.10.2023, 12:49:30 - INFO - New connected socket [id: hWQC3v0U67gcoqQpAAAK] 
2.10.2023, 12:49:30 - INFO - New connected socket [id: n13W-OKoBay1U9MtAAAL] 
2.10.2023, 12:49:39 - INFO - New connected socket [id: 5gp7ar24b-9sq6mWAAAO] 
2.10.2023, 12:49:39 - INFO - New connected socket [id: kWa6NmAhASyxZZDEAAAQ] 
2.10.2023, 12:49:39 - INFO - Setting socket.userId = 6519a0797f5222e124576a39 for socket [id: 5gp7ar24b-9sq6mWAAAO] 
2.10.2023, 12:49:39 - INFO - New connected socket [id: 3VB7toWYkEgsP5KzAAAR] 
2.10.2023, 12:49:39 - INFO - Setting socket.userId = 65199f6b72b0cbdda7d78774 for socket [id: 3VB7toWYkEgsP5KzAAAR] 
2.10.2023, 12:49:40 - INFO - Sample Logger Middleware (userId: 6519a0797f5222e124576a39)
2.10.2023, 12:49:40 - DEBUG - Getting Cars: | {"txt":"","price":"0"} (userId: 6519a0797f5222e124576a39)
2.10.2023, 12:49:40 - INFO - Sample Logger Middleware (userId: 65199f6b72b0cbdda7d78774)
2.10.2023, 12:49:40 - DEBUG - Getting Cars: | {"txt":"","price":"0"} (userId: 65199f6b72b0cbdda7d78774)
2.10.2023, 12:49:42 - INFO - New connected socket [id: -DkJCBp_VcYbI-guAAAU] 
2.10.2023, 12:49:42 - INFO - New connected socket [id: tHMcRtILVxhTk-i_AAAV] 
2.10.2023, 12:49:42 - INFO - Setting socket.userId = 6519a0797f5222e124576a39 for socket [id: -DkJCBp_VcYbI-guAAAU] 
2.10.2023, 12:49:42 - INFO - New connected socket [id: tlWnd3j6WEil4Tg5AAAX] 
2.10.2023, 12:49:42 - INFO - Setting socket.userId = 65199f6b72b0cbdda7d78774 for socket [id: tlWnd3j6WEil4Tg5AAAX] 
2.10.2023, 12:49:43 - DEBUG - Getting Cars: | {"txt":"","price":"0"} (userId: 6519a0797f5222e124576a39)
2.10.2023, 12:49:43 - INFO - Sample Logger Middleware (userId: 6519a0797f5222e124576a39)
2.10.2023, 12:49:43 - INFO - Sample Logger Middleware (userId: 65199f6b72b0cbdda7d78774)
2.10.2023, 12:49:43 - DEBUG - Getting Cars: | {"txt":"","price":"0"} (userId: 65199f6b72b0cbdda7d78774)
2.10.2023, 12:50:13 - INFO - Sample Logger Middleware (userId: 6519a0797f5222e124576a39)
2.10.2023, 12:50:13 - DEBUG - Getting Cars: | {"txt":"","price":"0"} (userId: 6519a0797f5222e124576a39)
2.10.2023, 12:50:13 - INFO - Sample Logger Middleware (userId: 65199f6b72b0cbdda7d78774)
2.10.2023, 12:50:13 - DEBUG - Getting Cars: | {"txt":"","price":"0"} (userId: 65199f6b72b0cbdda7d78774)
2.10.2023, 12:50:30 - INFO - Sample Logger Middleware (userId: 6519a0797f5222e124576a39)
2.10.2023, 12:50:30 - DEBUG - Getting Cars: | {"txt":"","price":"0"} (userId: 6519a0797f5222e124576a39)
2.10.2023, 12:50:30 - INFO - Sample Logger Middleware (userId: 65199f6b72b0cbdda7d78774)
2.10.2023, 12:50:30 - DEBUG - Getting Cars: | {"txt":"","price":"0"} (userId: 65199f6b72b0cbdda7d78774)
2.10.2023, 12:50:31 - INFO - Sample Logger Middleware (userId: 6519a0797f5222e124576a39)
2.10.2023, 12:50:31 - DEBUG - Getting Cars: | {"txt":"","price":"0"} (userId: 6519a0797f5222e124576a39)
2.10.2023, 12:50:31 - INFO - Sample Logger Middleware (userId: 65199f6b72b0cbdda7d78774)
2.10.2023, 12:50:31 - DEBUG - Getting Cars: | {"txt":"","price":"0"} (userId: 65199f6b72b0cbdda7d78774)
2.10.2023, 12:50:32 - INFO - Socket disconnected [id: undefined] 
2.10.2023, 12:50:32 - INFO - Socket disconnected [id: undefined] 
2.10.2023, 12:50:32 - INFO - Socket disconnected [id: undefined] 
2.10.2023, 12:50:32 - INFO - Sample Logger Middleware (userId: 6519a0797f5222e124576a39)
2.10.2023, 12:50:32 - DEBUG - Getting Cars: | {"txt":"","price":"0"} (userId: 6519a0797f5222e124576a39)
2.10.2023, 12:50:32 - INFO - New connected socket [id: cNgJa0eg5ggs78QiAAAZ] 
2.10.2023, 12:50:32 - INFO - Setting socket.userId = 6519a0797f5222e124576a39 for socket [id: cNgJa0eg5ggs78QiAAAZ] 
2.10.2023, 12:50:33 - INFO - Socket disconnected [id: undefined] 
2.10.2023, 12:50:33 - INFO - Sample Logger Middleware (userId: 6519a0797f5222e124576a39)
2.10.2023, 12:50:33 - DEBUG - Getting Cars: | {"txt":"","price":"0"} (userId: 6519a0797f5222e124576a39)
2.10.2023, 12:50:33 - INFO - New connected socket [id: x1BvYRoyBqjebV1vAAAb] 
2.10.2023, 12:50:33 - INFO - Setting socket.userId = 6519a0797f5222e124576a39 for socket [id: x1BvYRoyBqjebV1vAAAb] 
2.10.2023, 12:50:35 - INFO - Broadcasting event: car-removed (userId: 65199f6b72b0cbdda7d78774)
2.10.2023, 12:50:35 - INFO - Broadcast to all excluding user: 65199f6b72b0cbdda7d78774 (userId: 65199f6b72b0cbdda7d78774)
2.10.2023, 12:50:36 - INFO - Broadcasting event: car-removed (userId: 65199f6b72b0cbdda7d78774)
2.10.2023, 12:50:36 - INFO - Broadcast to all excluding user: 65199f6b72b0cbdda7d78774 (userId: 65199f6b72b0cbdda7d78774)
2.10.2023, 12:50:38 - INFO - Socket disconnected [id: undefined] 
2.10.2023, 12:50:38 - INFO - Sample Logger Middleware (userId: 6519a0797f5222e124576a39)
2.10.2023, 12:50:38 - DEBUG - Getting Cars: | {"txt":"","price":"0"} (userId: 6519a0797f5222e124576a39)
2.10.2023, 12:50:38 - INFO - New connected socket [id: 8jhc1ND_mpMbjzJoAAAd] 
2.10.2023, 12:50:38 - INFO - Setting socket.userId = 6519a0797f5222e124576a39 for socket [id: 8jhc1ND_mpMbjzJoAAAd] 
2.10.2023, 12:50:39 - INFO - Socket disconnected [id: undefined] 
2.10.2023, 12:50:39 - INFO - Socket disconnected [id: undefined] 
2.10.2023, 12:50:39 - INFO - Socket disconnected [id: undefined] 
2.10.2023, 12:50:39 - INFO - Sample Logger Middleware (userId: 65199f6b72b0cbdda7d78774)
2.10.2023, 12:50:39 - DEBUG - Getting Cars: | {"txt":"","price":"0"} (userId: 65199f6b72b0cbdda7d78774)
2.10.2023, 12:50:39 - INFO - New connected socket [id: fp5Cx_G5EcXPwbJFAAAf] 
2.10.2023, 12:50:39 - INFO - Setting socket.userId = 65199f6b72b0cbdda7d78774 for socket [id: fp5Cx_G5EcXPwbJFAAAf] 
2.10.2023, 12:50:40 - INFO - Socket disconnected [id: undefined] 
2.10.2023, 12:50:41 - INFO - Sample Logger Middleware (userId: 65199f6b72b0cbdda7d78774)
2.10.2023, 12:50:41 - DEBUG - Getting Cars: | {"txt":"","price":"0"} (userId: 65199f6b72b0cbdda7d78774)
2.10.2023, 12:50:41 - INFO - New connected socket [id: zcUAGJyn729oCyDTAAAh] 
2.10.2023, 12:50:41 - INFO - Setting socket.userId = 65199f6b72b0cbdda7d78774 for socket [id: zcUAGJyn729oCyDTAAAh] 
2.10.2023, 12:51:22 - INFO - Server is running on port: 3030 
2.10.2023, 12:51:23 - INFO - New connected socket [id: bisSUGetVWbldmbIAAAB] 
2.10.2023, 12:51:23 - INFO - New connected socket [id: cKswX41I0-ZZKggJAAAD] 
2.10.2023, 12:51:23 - INFO - New connected socket [id: 83pezR25pRx7bF8DAAAF] 
2.10.2023, 12:51:23 - INFO - New connected socket [id: 1PeFL1E7XdTNIHzqAAAH] 
2.10.2023, 12:51:24 - INFO - New connected socket [id: I70tG_ejlwdyFGrdAAAJ] 
2.10.2023, 12:51:24 - INFO - New connected socket [id: Rr1kgvkOiZredNCGAAAL] 
2.10.2023, 12:51:24 - INFO - New connected socket [id: omcsbwutVV4Gcvh9AAAN] 
2.10.2023, 12:51:24 - INFO - New connected socket [id: Fve_L8YZ59xMbwFzAAAP] 
2.10.2023, 12:51:32 - INFO - Server is running on port: 3030 
2.10.2023, 12:51:32 - INFO - New connected socket [id: uE6RMNYSipqTpSmLAAAB] 
2.10.2023, 12:51:33 - INFO - New connected socket [id: d2XbyMtvMrcBY-a0AAAD] 
2.10.2023, 12:51:33 - INFO - New connected socket [id: 2qwx8wZiItQz82PSAAAF] 
2.10.2023, 12:51:33 - INFO - New connected socket [id: KaCXtZppVlBfQ3H4AAAH] 
2.10.2023, 12:51:33 - INFO - New connected socket [id: siErygbf1iU5hpybAAAK] 
2.10.2023, 12:51:33 - INFO - New connected socket [id: o8chxSAT6iPnE_oQAAAL] 
2.10.2023, 12:51:33 - INFO - New connected socket [id: etZjsLyRKvRHIfqXAAAN] 
2.10.2023, 12:51:33 - INFO - New connected socket [id: HvAtYXWvy_pWWqfMAAAP] 
2.10.2023, 12:51:33 - INFO - Server is running on port: 3030 
2.10.2023, 12:51:34 - INFO - New connected socket [id: yctD2uSnHtxSPX5nAAAB] 
2.10.2023, 12:51:34 - INFO - New connected socket [id: _-uLw-VTen_nHm_jAAAD] 
2.10.2023, 12:51:34 - INFO - New connected socket [id: qHcywGuszu35zQwXAAAF] 
2.10.2023, 12:51:34 - INFO - New connected socket [id: ujhJpRL-sYwfJHDVAAAH] 
2.10.2023, 12:51:34 - INFO - New connected socket [id: w71JvOrH-KpZVAfvAAAJ] 
2.10.2023, 12:51:35 - INFO - New connected socket [id: OytADaa0sjzN_cekAAAL] 
2.10.2023, 12:51:35 - INFO - New connected socket [id: J25Tqlp7rx4EwrS-AAAN] 
2.10.2023, 12:51:35 - INFO - New connected socket [id: ZTiH4znP28wi_WV0AAAP] 
2.10.2023, 12:51:37 - INFO - Server is running on port: 3030 
2.10.2023, 12:51:37 - INFO - New connected socket [id: mAU9mUVf5W_N4VojAAAB] 
2.10.2023, 12:51:37 - INFO - New connected socket [id: j-2ku-yXqcdLgjsJAAAD] 
2.10.2023, 12:51:38 - INFO - New connected socket [id: 6Eia4L7fe9UWNSBVAAAF] 
2.10.2023, 12:51:38 - INFO - New connected socket [id: uLYVS3VhHaFRe0yXAAAH] 
2.10.2023, 12:51:38 - INFO - New connected socket [id: 1Z0cOocHBT-V-1xsAAAJ] 
2.10.2023, 12:51:38 - INFO - New connected socket [id: Y83kUPPeR2MaKRjXAAAL] 
2.10.2023, 12:51:38 - INFO - New connected socket [id: 4g4T8mYwNidz2jJ2AAAN] 
2.10.2023, 12:51:39 - INFO - New connected socket [id: 2IPhoN5Z2CK_OIT5AAAP] 
2.10.2023, 12:53:20 - INFO - Server is running on port: 3030 
2.10.2023, 12:53:21 - INFO - New connected socket [id: NdONgGjLyfwTsLQwAAAB] 
2.10.2023, 12:53:21 - INFO - New connected socket [id: _SzruyAUBBABNCeoAAAE] 
2.10.2023, 12:53:21 - INFO - New connected socket [id: WkmdO09ogmHDUkgeAAAF] 
2.10.2023, 12:53:21 - INFO - New connected socket [id: Y74jtw8IZcGwKw4dAAAH] 
2.10.2023, 12:53:21 - INFO - New connected socket [id: dk26bSau52lwgpA-AAAJ] 
2.10.2023, 12:53:22 - INFO - New connected socket [id: cLTDGj3itjCcAYJTAAAL] 
2.10.2023, 12:53:22 - INFO - New connected socket [id: 7lS_7hB9nkpX-9qLAAAO] 
2.10.2023, 12:53:22 - INFO - New connected socket [id: t4KeGMjqxceIRZ0kAAAP] 
2.10.2023, 12:53:26 - INFO - Server is running on port: 3030 
2.10.2023, 12:53:26 - INFO - New connected socket [id: tLpa_PLMXYiFT8mHAAAB] 
2.10.2023, 12:53:27 - INFO - New connected socket [id: h1kopA8AkKRx8O3DAAAD] 
2.10.2023, 12:53:27 - INFO - New connected socket [id: qgIVOdWRtqmmkq8-AAAF] 
2.10.2023, 12:53:27 - INFO - New connected socket [id: Dkv8WEwAcm85rAtuAAAI] 
2.10.2023, 12:53:27 - INFO - New connected socket [id: VOEPTIaQxWLe-UkPAAAJ] 
2.10.2023, 12:53:27 - INFO - New connected socket [id: jFA40Bzp1daPc0YgAAAL] 
2.10.2023, 12:53:27 - INFO - New connected socket [id: Lc-5xxWoLmF4P43iAAAN] 
2.10.2023, 12:53:27 - INFO - New connected socket [id: pDsm5ObLjEWydEuFAAAP] 
2.10.2023, 12:53:29 - INFO - Sample Logger Middleware (userId: 65199f6b72b0cbdda7d78774)
2.10.2023, 12:53:30 - INFO - Sample Logger Middleware (userId: 6519a0797f5222e124576a39)
2.10.2023, 12:53:30 - INFO - Socket disconnected [id: undefined] 
2.10.2023, 12:53:30 - INFO - Sample Logger Middleware (userId: 6519a0797f5222e124576a39)
2.10.2023, 12:53:30 - INFO - New connected socket [id: VrVzxooqOUIbtCCmAAAR] 
2.10.2023, 12:53:30 - INFO - Setting socket.userId = 6519a0797f5222e124576a39 for socket [id: VrVzxooqOUIbtCCmAAAR] 
2.10.2023, 12:53:36 - INFO - Sample Logger Middleware (userId: 65199f6b72b0cbdda7d78774)
2.10.2023, 12:53:36 - ERROR - Failed to add review | TypeError: Assignment to constant variable. (userId: 65199f6b72b0cbdda7d78774)
2.10.2023, 12:53:37 - INFO - Socket disconnected [id: undefined] 
2.10.2023, 12:53:37 - INFO - Sample Logger Middleware (userId: 65199f6b72b0cbdda7d78774)
2.10.2023, 12:53:37 - INFO - New connected socket [id: XAOLrNTqdPeyb0VLAAAT] 
2.10.2023, 12:53:37 - INFO - Setting socket.userId = 65199f6b72b0cbdda7d78774 for socket [id: XAOLrNTqdPeyb0VLAAAT] 
2.10.2023, 12:53:38 - INFO - Socket disconnected [id: undefined] 
2.10.2023, 12:53:38 - INFO - Sample Logger Middleware (userId: 6519a0797f5222e124576a39)
2.10.2023, 12:53:38 - INFO - New connected socket [id: 2hfKKvK_qQ8M72HSAAAV] 
2.10.2023, 12:53:38 - INFO - Setting socket.userId = 6519a0797f5222e124576a39 for socket [id: 2hfKKvK_qQ8M72HSAAAV] 
2.10.2023, 12:53:43 - INFO - Sample Logger Middleware (userId: 65199f6b72b0cbdda7d78774)
2.10.2023, 12:53:43 - ERROR - Failed to add review | TypeError: Assignment to constant variable. (userId: 65199f6b72b0cbdda7d78774)
2.10.2023, 12:53:44 - INFO - Socket disconnected [id: undefined] 
2.10.2023, 12:53:44 - INFO - Sample Logger Middleware (userId: 65199f6b72b0cbdda7d78774)
2.10.2023, 12:53:44 - INFO - New connected socket [id: P8-_UsM5swal1c6EAAAX] 
2.10.2023, 12:53:44 - INFO - Setting socket.userId = 65199f6b72b0cbdda7d78774 for socket [id: P8-_UsM5swal1c6EAAAX] 
2.10.2023, 12:53:45 - INFO - Socket disconnected [id: undefined] 
2.10.2023, 12:53:45 - INFO - Sample Logger Middleware (userId: 65199f6b72b0cbdda7d78774)
2.10.2023, 12:53:46 - INFO - New connected socket [id: AMomY1ko7MRhsXHBAAAZ] 
2.10.2023, 12:53:46 - INFO - Setting socket.userId = 65199f6b72b0cbdda7d78774 for socket [id: AMomY1ko7MRhsXHBAAAZ] 
2.10.2023, 12:53:50 - INFO - Server is running on port: 3030 
2.10.2023, 12:53:50 - INFO - New connected socket [id: jZc3KWkJM34FDQwmAAAB] 
2.10.2023, 12:53:51 - INFO - New connected socket [id: -TXj1sxq0JAdBWDVAAAD] 
2.10.2023, 12:53:51 - INFO - New connected socket [id: 4soTquSSo000GcRXAAAG] 
2.10.2023, 12:53:51 - INFO - New connected socket [id: k2GnVta2mePZcNh4AAAH] 
2.10.2023, 12:53:51 - INFO - New connected socket [id: HqGG4FYSxDuLlT0GAAAJ] 
2.10.2023, 12:53:52 - INFO - New connected socket [id: 0ReSNKStVzKRgxSWAAAL] 
2.10.2023, 12:53:53 - INFO - New connected socket [id: HaiLaZCzZPwaIGwdAAAN] 
2.10.2023, 12:53:53 - INFO - New connected socket [id: ByBe8SAj32B3gy50AAAP] 
2.10.2023, 12:53:55 - INFO - Socket disconnected [id: undefined] 
2.10.2023, 12:53:55 - INFO - Socket disconnected [id: undefined] 
2.10.2023, 12:53:55 - INFO - Socket disconnected [id: undefined] 
2.10.2023, 12:53:55 - INFO - Socket disconnected [id: undefined] 
2.10.2023, 12:53:55 - INFO - Socket disconnected [id: undefined] 
2.10.2023, 12:53:55 - INFO - Socket disconnected [id: undefined] 
2.10.2023, 12:53:55 - INFO - New connected socket [id: XmqZTkygpCEQ_wNEAAAR] 
2.10.2023, 12:53:57 - INFO - Socket disconnected [id: undefined] 
2.10.2023, 12:53:57 - INFO - New connected socket [id: Ijvmg8BtMV43IQ6fAAAT] 
2.10.2023, 12:53:57 - INFO - Sample Logger Middleware (userId: 6519a0797f5222e124576a39)
2.10.2023, 12:53:57 - INFO - Setting socket.userId = 6519a0797f5222e124576a39 for socket [id: Ijvmg8BtMV43IQ6fAAAT] 
2.10.2023, 12:53:57 - INFO - Socket disconnected [id: undefined] 
2.10.2023, 12:53:57 - INFO - New connected socket [id: cg2GnmGGdLckurzOAAAV] 
2.10.2023, 12:53:57 - INFO - Sample Logger Middleware (userId: 65199f6b72b0cbdda7d78774)
2.10.2023, 12:53:57 - INFO - Setting socket.userId = 65199f6b72b0cbdda7d78774 for socket [id: cg2GnmGGdLckurzOAAAV] 
2.10.2023, 12:54:00 - INFO - Socket disconnected [id: undefined] 
2.10.2023, 12:54:00 - INFO - Sample Logger Middleware (userId: 6519a0797f5222e124576a39)
2.10.2023, 12:54:00 - INFO - New connected socket [id: FHIOkQPKHr_uMctcAAAX] 
2.10.2023, 12:54:00 - INFO - Setting socket.userId = 6519a0797f5222e124576a39 for socket [id: FHIOkQPKHr_uMctcAAAX] 
2.10.2023, 12:54:08 - INFO - Sample Logger Middleware (userId: 65199f6b72b0cbdda7d78774)
2.10.2023, 12:54:08 - ERROR - Failed to add review | TypeError: Assignment to constant variable. (userId: 65199f6b72b0cbdda7d78774)
2.10.2023, 12:54:32 - INFO - Server is running on port: 3030 
2.10.2023, 12:54:32 - INFO - New connected socket [id: 9RH9Mm1WmHuLnW5VAAAB] 
2.10.2023, 12:54:34 - INFO - New connected socket [id: nbCinLy0-av8YdZYAAAE] 
2.10.2023, 12:54:34 - INFO - New connected socket [id: 4Djf2UIG3tzLg0NxAAAF] 
2.10.2023, 12:54:54 - INFO - Server is running on port: 3030 
2.10.2023, 12:54:55 - INFO - New connected socket [id: T6JGeU3qUhYcj01fAAAD] 
2.10.2023, 12:54:55 - INFO - New connected socket [id: A4wpEb8GqdTHiai2AAAE] 
2.10.2023, 12:54:55 - INFO - New connected socket [id: f3PbNNCCH3p5h_IvAAAF] 
2.10.2023, 12:54:57 - INFO - Server is running on port: 3030 
2.10.2023, 12:54:58 - INFO - New connected socket [id: _wN3ep4X-M8TJgndAAAB] 
2.10.2023, 12:54:58 - INFO - New connected socket [id: 9iw7gMlAF-ykFXhUAAAD] 
2.10.2023, 12:54:58 - INFO - New connected socket [id: OpH_5HhVFffZVqUoAAAF] 
2.10.2023, 12:55:01 - INFO - Socket disconnected [id: undefined] 
2.10.2023, 12:55:01 - INFO - Sample Logger Middleware (userId: 65199f6b72b0cbdda7d78774)
2.10.2023, 12:55:02 - INFO - New connected socket [id: o1IEZRxlNlzwJfRqAAAH] 
2.10.2023, 12:55:02 - INFO - Setting socket.userId = 65199f6b72b0cbdda7d78774 for socket [id: o1IEZRxlNlzwJfRqAAAH] 
2.10.2023, 12:55:02 - INFO - Socket disconnected [id: undefined] 
2.10.2023, 12:55:02 - INFO - Sample Logger Middleware (userId: 6519a0797f5222e124576a39)
2.10.2023, 12:55:02 - INFO - New connected socket [id: Akt9IJwN7DvZaor5AAAJ] 
2.10.2023, 12:55:02 - INFO - Setting socket.userId = 6519a0797f5222e124576a39 for socket [id: Akt9IJwN7DvZaor5AAAJ] 
2.10.2023, 12:55:04 - INFO - Broadcasting event: review-removed (userId: 65199f6b72b0cbdda7d78774)
2.10.2023, 12:55:04 - INFO - Broadcast to all excluding user: 65199f6b72b0cbdda7d78774 (userId: 65199f6b72b0cbdda7d78774)
2.10.2023, 12:55:05 - INFO - Broadcasting event: review-removed (userId: 65199f6b72b0cbdda7d78774)
2.10.2023, 12:55:05 - INFO - Broadcast to all excluding user: 65199f6b72b0cbdda7d78774 (userId: 65199f6b72b0cbdda7d78774)
2.10.2023, 12:55:06 - INFO - Socket disconnected [id: undefined] 
2.10.2023, 12:55:06 - INFO - Sample Logger Middleware (userId: 6519a0797f5222e124576a39)
2.10.2023, 12:55:06 - INFO - New connected socket [id: _NMyAHKnO5r5ZTMGAAAL] 
2.10.2023, 12:55:06 - INFO - Setting socket.userId = 6519a0797f5222e124576a39 for socket [id: _NMyAHKnO5r5ZTMGAAAL] 
2.10.2023, 12:55:10 - INFO - Sample Logger Middleware (userId: 65199f6b72b0cbdda7d78774)
2.10.2023, 12:55:10 - INFO - Broadcasting event: review-added (userId: 65199f6b72b0cbdda7d78774)
2.10.2023, 12:55:10 - INFO - Broadcast to all excluding user: 65199f6b72b0cbdda7d78774 (userId: 65199f6b72b0cbdda7d78774)
2.10.2023, 12:55:10 - INFO - No active socket for user: 65199f7f72b0cbdda7d78775 (userId: 65199f6b72b0cbdda7d78774)
2.10.2023, 12:55:30 - INFO - Sample Logger Middleware (userId: 65199f6b72b0cbdda7d78774)
2.10.2023, 12:55:30 - INFO - Broadcasting event: review-added (userId: 65199f6b72b0cbdda7d78774)
2.10.2023, 12:55:30 - INFO - Broadcast to all excluding user: 65199f6b72b0cbdda7d78774 (userId: 65199f6b72b0cbdda7d78774)
2.10.2023, 12:55:30 - INFO - Emiting event: review-about-you to user: 6519a0797f5222e124576a39 socket [id: _NMyAHKnO5r5ZTMGAAAL] (userId: 65199f6b72b0cbdda7d78774)
2.10.2023, 12:55:46 - INFO - Server is running on port: 3030 
2.10.2023, 12:55:47 - INFO - New connected socket [id: UUQnQJc28lMwcfO7AAAB] 
2.10.2023, 12:55:47 - INFO - New connected socket [id: 7LXRXr_G7S87k-kjAAAD] 
2.10.2023, 12:55:48 - INFO - New connected socket [id: Vfgwei3lNE9sA8XiAAAF] 
2.10.2023, 12:57:28 - INFO - Sample Logger Middleware (userId: 6519a0797f5222e124576a39)
2.10.2023, 12:57:28 - INFO - Broadcasting event: review-added (userId: 6519a0797f5222e124576a39)
2.10.2023, 12:57:28 - INFO - Emit to all (userId: 6519a0797f5222e124576a39)
2.10.2023, 12:57:28 - INFO - No active socket for user: 65199f6b72b0cbdda7d78774 (userId: 6519a0797f5222e124576a39)
2.10.2023, 12:57:30 - INFO - Socket disconnected [id: undefined] 
2.10.2023, 12:57:30 - INFO - Sample Logger Middleware (userId: 6519a0797f5222e124576a39)
2.10.2023, 12:57:30 - INFO - New connected socket [id: wf-GCZgsf0a-So9XAAAH] 
2.10.2023, 12:57:30 - INFO - Setting socket.userId = 6519a0797f5222e124576a39 for socket [id: wf-GCZgsf0a-So9XAAAH] 
2.10.2023, 12:57:30 - INFO - Socket disconnected [id: undefined] 
2.10.2023, 12:57:30 - INFO - Sample Logger Middleware (userId: 65199f6b72b0cbdda7d78774)
2.10.2023, 12:57:30 - INFO - New connected socket [id: 1bQZ5iRmkZIARaDNAAAJ] 
2.10.2023, 12:57:30 - INFO - Setting socket.userId = 65199f6b72b0cbdda7d78774 for socket [id: 1bQZ5iRmkZIARaDNAAAJ] 
2.10.2023, 12:57:35 - INFO - Sample Logger Middleware (userId: 6519a0797f5222e124576a39)
2.10.2023, 12:57:35 - INFO - Broadcasting event: review-added (userId: 6519a0797f5222e124576a39)
2.10.2023, 12:57:35 - INFO - Broadcast to all excluding user: 6519a0797f5222e124576a39 (userId: 6519a0797f5222e124576a39)
2.10.2023, 12:57:35 - INFO - Emiting event: review-about-you to user: 65199f6b72b0cbdda7d78774 socket [id: 1bQZ5iRmkZIARaDNAAAJ] (userId: 6519a0797f5222e124576a39)
2.10.2023, 12:57:39 - INFO - Socket disconnected [id: undefined] 
2.10.2023, 12:57:39 - INFO - Sample Logger Middleware (userId: 6519a0797f5222e124576a39)
2.10.2023, 12:57:39 - INFO - New connected socket [id: KseLG9E8mq7XnI0JAAAL] 
2.10.2023, 12:57:39 - INFO - Setting socket.userId = 6519a0797f5222e124576a39 for socket [id: KseLG9E8mq7XnI0JAAAL] 
2.10.2023, 12:57:40 - INFO - Socket disconnected [id: undefined] 
2.10.2023, 12:57:40 - INFO - Sample Logger Middleware (userId: 65199f6b72b0cbdda7d78774)
2.10.2023, 12:57:40 - INFO - New connected socket [id: TjLGQNgs7BdOEP3vAAAN] 
2.10.2023, 12:57:40 - INFO - Setting socket.userId = 65199f6b72b0cbdda7d78774 for socket [id: TjLGQNgs7BdOEP3vAAAN] 
2.10.2023, 12:57:40 - INFO - Broadcasting event: review-removed (userId: 65199f6b72b0cbdda7d78774)
2.10.2023, 12:57:40 - INFO - Broadcast to all excluding user: 65199f6b72b0cbdda7d78774 (userId: 65199f6b72b0cbdda7d78774)
2.10.2023, 12:57:41 - INFO - Broadcasting event: review-removed (userId: 65199f6b72b0cbdda7d78774)
2.10.2023, 12:57:41 - INFO - Broadcast to all excluding user: 65199f6b72b0cbdda7d78774 (userId: 65199f6b72b0cbdda7d78774)
2.10.2023, 12:57:41 - INFO - Broadcasting event: review-removed (userId: 65199f6b72b0cbdda7d78774)
2.10.2023, 12:57:41 - INFO - Broadcast to all excluding user: 65199f6b72b0cbdda7d78774 (userId: 65199f6b72b0cbdda7d78774)
2.10.2023, 12:57:42 - INFO - Socket disconnected [id: undefined] 
2.10.2023, 12:57:42 - INFO - Sample Logger Middleware (userId: 65199f6b72b0cbdda7d78774)
2.10.2023, 12:57:42 - INFO - New connected socket [id: L04_k3658wJbzczTAAAP] 
2.10.2023, 12:57:42 - INFO - Setting socket.userId = 65199f6b72b0cbdda7d78774 for socket [id: L04_k3658wJbzczTAAAP] 
2.10.2023, 12:57:43 - INFO - Socket disconnected [id: undefined] 
2.10.2023, 12:57:43 - INFO - Sample Logger Middleware (userId: 6519a0797f5222e124576a39)
2.10.2023, 12:57:43 - INFO - New connected socket [id: WjKSQ63uIwwoSZopAAAR] 
2.10.2023, 12:57:43 - INFO - Setting socket.userId = 6519a0797f5222e124576a39 for socket [id: WjKSQ63uIwwoSZopAAAR] 
2.10.2023, 12:58:02 - INFO - user-watch from socket [id: WjKSQ63uIwwoSZopAAAR], on user 65199f6b72b0cbdda7d78774 
2.10.2023, 12:58:16 - INFO - Sample Logger Middleware (userId: 65199f6b72b0cbdda7d78774)
2.10.2023, 12:58:16 - INFO - Broadcasting event: review-added (userId: 65199f6b72b0cbdda7d78774)
2.10.2023, 12:58:16 - INFO - Broadcast to all excluding user: 65199f6b72b0cbdda7d78774 (userId: 65199f6b72b0cbdda7d78774)
2.10.2023, 12:58:16 - INFO - No active socket for user: 65199f7f72b0cbdda7d78775 (userId: 65199f6b72b0cbdda7d78774)
2.10.2023, 12:58:59 - INFO - user-watch from socket [id: WjKSQ63uIwwoSZopAAAR], on user 65199f6b72b0cbdda7d78774 
2.10.2023, 12:59:09 - INFO - Server is running on port: 3030 
2.10.2023, 12:59:10 - INFO - New connected socket [id: xWWzGbpo3EAL7tJRAAAB] 
2.10.2023, 12:59:11 - INFO - New connected socket [id: qNEtBv3TnqxdAvUWAAAE] 
2.10.2023, 12:59:11 - INFO - New connected socket [id: mUGaPWNWb0jabuUkAAAF] 
2.10.2023, 12:59:29 - INFO - Server is running on port: 3030 
2.10.2023, 12:59:29 - INFO - New connected socket [id: bknzUGavpw8D9C65AAAB] 
2.10.2023, 12:59:30 - INFO - New connected socket [id: Iz-zhz5un1E1sWy5AAAE] 
2.10.2023, 12:59:30 - INFO - New connected socket [id: CehgK_CIpwhI303ZAAAF] 
2.10.2023, 13:00:02 - INFO - Server is running on port: 3030 
2.10.2023, 13:00:03 - INFO - New connected socket [id: ntdJDmQJ5y8LN4rQAAAB] 
2.10.2023, 13:00:03 - INFO - New connected socket [id: JltXoUv7PdoVW5niAAAD] 
2.10.2023, 13:00:04 - INFO - New connected socket [id: qJDzp7ajGdH7gxoZAAAF] 
2.10.2023, 13:01:09 - INFO - Server is running on port: 3030 
2.10.2023, 13:01:10 - INFO - New connected socket [id: qdPE-BrBmTZaZR9UAAAB] 
2.10.2023, 13:01:10 - INFO - New connected socket [id: M8QBSdMGvs6XJEoaAAAD] 
2.10.2023, 13:01:11 - INFO - New connected socket [id: eK5V9o4vf8dIQvkQAAAF] 
2.10.2023, 13:01:36 - INFO - user-watch from socket [id: eK5V9o4vf8dIQvkQAAAF], on user 65199f6b72b0cbdda7d78774 
2.10.2023, 13:01:37 - INFO - user-watch from socket [id: eK5V9o4vf8dIQvkQAAAF], on user 65199f6b72b0cbdda7d78774 
2.10.2023, 13:01:57 - INFO - user-watch from socket [id: eK5V9o4vf8dIQvkQAAAF], on user 65199f6b72b0cbdda7d78774 
2.10.2023, 13:01:58 - INFO - user-watch from socket [id: eK5V9o4vf8dIQvkQAAAF], on user 65199f6b72b0cbdda7d78774 
2.10.2023, 13:02:05 - INFO - New connected socket [id: cjxzUsnJ8sUquOe9AAAI] 
2.10.2023, 13:02:05 - INFO - New connected socket [id: n9z5corojbBlcQBsAAAJ] 
2.10.2023, 13:02:05 - INFO - Setting socket.userId = 6519a0797f5222e124576a39 for socket [id: n9z5corojbBlcQBsAAAJ] 
2.10.2023, 13:02:05 - INFO - New connected socket [id: Q_XgUZ3XqYdQkWOxAAAL] 
2.10.2023, 13:02:05 - INFO - Setting socket.userId = 65199f6b72b0cbdda7d78774 for socket [id: Q_XgUZ3XqYdQkWOxAAAL] 
2.10.2023, 13:02:06 - INFO - user-watch from socket [id: n9z5corojbBlcQBsAAAJ], on user 65199f6b72b0cbdda7d78774 
2.10.2023, 13:02:06 - INFO - Sample Logger Middleware (userId: 65199f6b72b0cbdda7d78774)
2.10.2023, 13:03:46 - INFO - Server is running on port: 3030 
2.10.2023, 13:03:46 - INFO - New connected socket [id: xpO3yAQ0RM77gKpVAAAC] 
2.10.2023, 13:03:46 - INFO - New connected socket [id: i1FQliOVUMPmF1faAAAD] 
2.10.2023, 13:03:47 - INFO - New connected socket [id: j-v8A_bQbEsMvf7hAAAI] 
2.10.2023, 13:03:47 - INFO - New connected socket [id: qAMQpPWhuOtSnBTsAAAJ] 
2.10.2023, 13:03:47 - INFO - New connected socket [id: 7cLG8P9V5FBMZYLGAAAK] 
2.10.2023, 13:03:47 - INFO - New connected socket [id: q7Qp2ZcFjsbqNVeSAAAL] 
2.10.2023, 13:03:47 - INFO - Server is running on port: 3030 
2.10.2023, 13:03:48 - INFO - New connected socket [id: sbrm1D_RGtKglGI3AAAB] 
2.10.2023, 13:03:48 - INFO - New connected socket [id: bR_CtQxL3Q9qIiB_AAAD] 
2.10.2023, 13:03:48 - INFO - New connected socket [id: NPnU3An_JGhOKLtlAAAF] 
2.10.2023, 13:03:49 - INFO - New connected socket [id: G07jtml6nKOtSlqCAAAJ] 
2.10.2023, 13:03:49 - INFO - New connected socket [id: zC_oWdf3BD8aZBB7AAAK] 
2.10.2023, 13:03:49 - INFO - New connected socket [id: sDEJbK9RriGTGYW7AAAL] 
2.10.2023, 13:03:50 - INFO - Server is running on port: 3030 
2.10.2023, 13:03:51 - INFO - New connected socket [id: PIdIIJ9nOnGktO_5AAAC] 
2.10.2023, 13:03:51 - INFO - New connected socket [id: ujjg3lCZnW22OLxDAAAD] 
2.10.2023, 13:03:51 - INFO - New connected socket [id: hFzGVs8eL6t46YMfAAAG] 
2.10.2023, 13:03:51 - INFO - New connected socket [id: K7sebNC3hD-JBAq0AAAH] 
2.10.2023, 13:03:52 - INFO - New connected socket [id: w2n-KvsatcSwsneuAAAK] 
2.10.2023, 13:03:52 - INFO - New connected socket [id: JJiSsnV47npc1snOAAAL] 
2.10.2023, 13:03:55 - INFO - Server is running on port: 3030 
2.10.2023, 13:03:56 - INFO - New connected socket [id: B570kkRz2PGwR-XPAAAB] 
2.10.2023, 13:03:56 - INFO - New connected socket [id: CMbo-6mxA5U-bfa3AAAD] 
2.10.2023, 13:03:57 - INFO - New connected socket [id: nrgWY7ijuzIOREFYAAAI] 
2.10.2023, 13:03:57 - INFO - New connected socket [id: vCuBxXnuSN0FwIOuAAAJ] 
2.10.2023, 13:03:57 - INFO - New connected socket [id: PJoGr4nJ_JrkfWimAAAK] 
2.10.2023, 13:03:57 - INFO - New connected socket [id: sYSNtfWGVAYekqQzAAAL] 
2.10.2023, 13:06:57 - INFO - Server is running on port: 3030 
2.10.2023, 13:06:58 - INFO - New connected socket [id: G_FXAku6oNlmhEbdAAAB] 
2.10.2023, 13:06:59 - INFO - New connected socket [id: bFk7i-m6gc03nqPbAAAD] 
2.10.2023, 13:06:59 - INFO - New connected socket [id: D3QBCJviqaLh2juzAAAI] 
2.10.2023, 13:06:59 - INFO - New connected socket [id: zCsa1eu9ZXEcTST7AAAJ] 
2.10.2023, 13:06:59 - INFO - New connected socket [id: F9Vk0DWOE84RxZ1aAAAK] 
2.10.2023, 13:06:59 - INFO - New connected socket [id: kQuKSz_FkY1vSHejAAAL] 
30.10.2023, 18:03:48 - INFO - Server is running on port: 3030 
30.10.2023, 18:08:51 - INFO - Server is running on port: 3030 
30.10.2023, 18:34:36 - INFO - Server is running on port: 3030 
30.10.2023, 18:36:54 - INFO - Server is running on port: 3030 
30.10.2023, 18:37:01 - INFO - Server is running on port: 3030 
30.10.2023, 19:04:49 - INFO - Server is running on port: 3030 
30.10.2023, 19:06:46 - INFO - Server is running on port: 3030 
30.10.2023, 19:06:50 - INFO - Sample Logger Middleware 
30.10.2023, 19:06:50 - DEBUG - Getting Boards: | {} 
30.10.2023, 19:07:27 - INFO - Server is running on port: 3030 
30.10.2023, 19:07:32 - INFO - Sample Logger Middleware 
30.10.2023, 19:07:32 - DEBUG - Getting Boards: | {} 
30.10.2023, 19:07:53 - INFO - Server is running on port: 3030 
30.10.2023, 19:07:58 - INFO - Sample Logger Middleware 
30.10.2023, 19:07:58 - DEBUG - Getting Boards: | {} 
30.10.2023, 19:08:11 - INFO - Server is running on port: 3030 
30.10.2023, 19:08:13 - INFO - Sample Logger Middleware 
30.10.2023, 19:08:13 - DEBUG - Getting Boards: | {} 
30.10.2023, 19:08:33 - INFO - Server is running on port: 3030 
30.10.2023, 19:08:36 - DEBUG - Getting Boards: | {} 
30.10.2023, 19:08:36 - INFO - Sample Logger Middleware 
30.10.2023, 19:10:34 - INFO - Server is running on port: 3030 
30.10.2023, 19:10:39 - INFO - Sample Logger Middleware 
30.10.2023, 19:10:39 - DEBUG - Getting Boards: | {} 
30.10.2023, 19:11:11 - INFO - Server is running on port: 3030 
30.10.2023, 19:11:13 - INFO - Sample Logger Middleware 
30.10.2023, 19:11:13 - DEBUG - Getting Boards: | {} 
30.10.2023, 19:11:22 - INFO - Server is running on port: 3030 
30.10.2023, 19:11:30 - INFO - Server is running on port: 3030 
30.10.2023, 19:11:31 - INFO - Sample Logger Middleware 
30.10.2023, 19:11:31 - DEBUG - Getting Boards: | {} 
30.10.2023, 19:12:03 - INFO - Server is running on port: 3030 
30.10.2023, 19:12:04 - INFO - Sample Logger Middleware 
30.10.2023, 19:12:04 - DEBUG - Getting Boards: | {} 
30.10.2023, 19:13:40 - INFO - Server is running on port: 3030 
30.10.2023, 19:14:04 - INFO - Server is running on port: 3030 
30.10.2023, 19:14:08 - INFO - Sample Logger Middleware 
30.10.2023, 19:14:08 - DEBUG - Getting Boards: | {} 
30.10.2023, 19:14:32 - INFO - Server is running on port: 3030 
30.10.2023, 19:14:33 - INFO - Sample Logger Middleware 
30.10.2023, 19:14:33 - DEBUG - Getting Boards: | {} 
30.10.2023, 19:15:37 - INFO - Server is running on port: 3030 
30.10.2023, 19:15:43 - INFO - Server is running on port: 3030 
30.10.2023, 19:15:43 - INFO - Sample Logger Middleware 
30.10.2023, 19:15:43 - DEBUG - Getting Boards: | {} 
30.10.2023, 19:15:57 - INFO - Server is running on port: 3030 
30.10.2023, 19:16:39 - INFO - Server is running on port: 3030 
30.10.2023, 19:16:41 - INFO - Sample Logger Middleware 
30.10.2023, 19:16:41 - DEBUG - Getting Boards: | {} 
30.10.2023, 19:16:53 - INFO - Server is running on port: 3030 
30.10.2023, 19:43:53 - INFO - Server is running on port: 3030 
30.10.2023, 19:44:25 - INFO - Server is running on port: 3030 
30.10.2023, 19:44:28 - INFO - Server is running on port: 3030 
30.10.2023, 19:47:08 - INFO - Server is running on port: 3030 
30.10.2023, 19:47:08 - DEBUG - Getting Boards: | {} 
30.10.2023, 19:47:08 - INFO - Sample Logger Middleware 
30.10.2023, 19:47:08 - ERROR - Failed to get boards | TypeError: Converting circular structure to JSON
    --> starting at object with constructor 'NativeTopology'
    |     property 's' -> object with constructor 'Object'
    |     property 'sessionPool' -> object with constructor 'ServerSessionPool'
    --- property 'topology' closes the circle 
30.10.2023, 19:47:18 - INFO - Server is running on port: 3030 
30.10.2023, 19:48:39 - INFO - Server is running on port: 3030 
30.10.2023, 19:48:40 - INFO - Sample Logger Middleware 
30.10.2023, 19:48:40 - DEBUG - Getting Boards: | {} 
30.10.2023, 19:48:53 - INFO - Server is running on port: 3030 
30.10.2023, 19:48:55 - INFO - Server is running on port: 3030 
30.10.2023, 19:53:09 - INFO - Server is running on port: 3030 
30.10.2023, 19:59:27 - INFO - Sample Logger Middleware 
30.10.2023, 19:59:27 - DEBUG - Getting Boards: | {} 
30.10.2023, 19:59:56 - ERROR - Failed to add board | ReferenceError: loggedinUser is not defined 
30.10.2023, 20:00:54 - ERROR - Failed to add board | ReferenceError: loggedinUser is not defined 
30.10.2023, 20:01:08 - ERROR - Failed to add board | ReferenceError: loggedinUser is not defined 
30.10.2023, 20:01:27 - INFO - Server is running on port: 3030 
30.10.2023, 20:01:29 - ERROR - Failed to add board | ReferenceError: loggedinUser is not defined 
30.10.2023, 20:01:41 - ERROR - Failed to add board | ReferenceError: loggedinUser is not defined 
30.10.2023, 20:01:48 - ERROR - Failed to add board | ReferenceError: loggedinUser is not defined 
30.10.2023, 20:04:57 - ERROR - Failed to add board | ReferenceError: loggedinUser is not defined 
30.10.2023, 20:05:49 - ERROR - Failed to add board | ReferenceError: loggedinUser is not defined 
30.10.2023, 20:06:22 - ERROR - Failed to add board | ReferenceError: loggedinUser is not defined 
30.10.2023, 20:06:37 - ERROR - Failed to add board | ReferenceError: loggedinUser is not defined 
30.10.2023, 20:07:33 - INFO - Server is running on port: 3030 
30.10.2023, 20:07:35 - ERROR - Failed to add board | ReferenceError: loggedinUser is not defined 
30.10.2023, 20:07:49 - INFO - Server is running on port: 3030 
30.10.2023, 20:09:03 - INFO - Server is running on port: 3030 
30.10.2023, 21:37:33 - INFO - Server is running on port: 3030 
30.10.2023, 21:37:48 - INFO - Server is running on port: 3030 
30.10.2023, 21:38:14 - INFO - Server is running on port: 3030 
30.10.2023, 22:43:12 - INFO - Server is running on port: 3030 
30.10.2023, 22:44:43 - INFO - Sample Logger Middleware 
30.10.2023, 22:44:43 - DEBUG - Getting Boards: | {"txt":"","price":"0"} 
30.10.2023, 22:47:06 - INFO - Sample Logger Middleware 
30.10.2023, 22:47:06 - DEBUG - Getting Boards: | {"txt":"","price":"0"} 
30.10.2023, 22:48:44 - INFO - Sample Logger Middleware 
30.10.2023, 22:48:44 - DEBUG - Getting Boards: | {"txt":"","price":"0"} 
30.10.2023, 22:50:09 - INFO - Sample Logger Middleware 
30.10.2023, 22:50:09 - DEBUG - Getting Boards: | {"txt":"","price":"0"} 
30.10.2023, 22:50:24 - INFO - Sample Logger Middleware 
30.10.2023, 22:50:24 - DEBUG - Getting Boards: | {"txt":"","price":"0"} 
30.10.2023, 22:50:36 - INFO - Sample Logger Middleware 
30.10.2023, 22:50:36 - DEBUG - Getting Boards: | {"txt":"","price":"0"} 
30.10.2023, 22:51:06 - INFO - Sample Logger Middleware 
30.10.2023, 22:51:06 - DEBUG - Getting Boards: | {"txt":"","price":"0"} 
30.10.2023, 22:51:10 - INFO - Sample Logger Middleware 
30.10.2023, 22:51:10 - DEBUG - Getting Boards: | {"txt":"","price":"0"} 
30.10.2023, 22:51:16 - INFO - Sample Logger Middleware 
30.10.2023, 22:51:16 - DEBUG - Getting Boards: | {"txt":"","price":"0"} 
30.10.2023, 22:58:30 - INFO - Sample Logger Middleware 
30.10.2023, 22:58:30 - DEBUG - Getting Boards: | {"txt":"","price":"0"} 
30.10.2023, 23:38:16 - DEBUG - Getting Boards: | {"txt":"","price":"0"} 
30.10.2023, 23:38:16 - INFO - Sample Logger Middleware 
30.10.2023, 23:38:18 - INFO - Sample Logger Middleware 
30.10.2023, 23:38:18 - DEBUG - Getting Boards: | {"txt":"","price":"0"} 
30.10.2023, 23:38:20 - INFO - Sample Logger Middleware 
30.10.2023, 23:38:20 - DEBUG - Getting Boards: | {"txt":"","price":"0"} 
30.10.2023, 23:38:42 - INFO - Sample Logger Middleware 
30.10.2023, 23:38:42 - DEBUG - Getting Boards: | {"txt":"","price":"0"} 
30.10.2023, 23:38:45 - INFO - Sample Logger Middleware 
30.10.2023, 23:38:45 - DEBUG - Getting Boards: | {"txt":"","price":"0"} 
30.10.2023, 23:39:15 - INFO - Sample Logger Middleware 
30.10.2023, 23:39:15 - DEBUG - Getting Boards: | {"txt":"","price":"0"} 
30.10.2023, 23:43:49 - INFO - Sample Logger Middleware 
30.10.2023, 23:43:49 - DEBUG - Getting Boards: | {"txt":"","price":"0"} 
30.10.2023, 23:46:06 - INFO - Sample Logger Middleware 
30.10.2023, 23:46:06 - DEBUG - Getting Boards: | {"txt":"","price":"0"} 
30.10.2023, 23:46:18 - INFO - Sample Logger Middleware 
30.10.2023, 23:46:18 - DEBUG - Getting Boards: | {"txt":"","price":"0"} 
30.10.2023, 23:46:25 - INFO - Sample Logger Middleware 
30.10.2023, 23:46:25 - DEBUG - Getting Boards: | {"txt":"","price":"0"} 
30.10.2023, 23:47:36 - INFO - Server is running on port: 3030 
30.10.2023, 23:47:42 - INFO - Server is running on port: 3030 
30.10.2023, 23:47:45 - INFO - Sample Logger Middleware 
30.10.2023, 23:47:45 - DEBUG - Getting Boards: | {"txt":"","price":"0"} 
30.10.2023, 23:47:57 - INFO - Server is running on port: 3030 
30.10.2023, 23:48:01 - INFO - Server is running on port: 3030 
30.10.2023, 23:48:01 - INFO - Sample Logger Middleware 
30.10.2023, 23:48:01 - DEBUG - Getting Boards: | {"txt":"","price":"0"} 
30.10.2023, 23:49:01 - INFO - Server is running on port: 3030 
30.10.2023, 23:49:10 - INFO - Sample Logger Middleware 
30.10.2023, 23:49:10 - DEBUG - Getting Boards: | {"txt":"","price":"0"} 
30.10.2023, 23:50:02 - INFO - Sample Logger Middleware 
30.10.2023, 23:50:02 - DEBUG - Getting Boards: | {"txt":"","price":"0"} 
30.10.2023, 23:50:04 - INFO - Sample Logger Middleware 
30.10.2023, 23:50:04 - DEBUG - Getting Boards: | {"txt":"","price":"0"} 
30.10.2023, 23:51:19 - INFO - Sample Logger Middleware 
30.10.2023, 23:51:19 - DEBUG - Getting Boards: | {"txt":"","price":"0"} 
30.10.2023, 23:51:20 - INFO - Sample Logger Middleware 
30.10.2023, 23:51:20 - DEBUG - Getting Boards: | {"txt":"","price":"0"} 
30.10.2023, 23:52:24 - INFO - Sample Logger Middleware 
30.10.2023, 23:52:24 - DEBUG - Getting Boards: | {"txt":"","price":"0"} 
30.10.2023, 23:52:26 - INFO - Sample Logger Middleware 
30.10.2023, 23:52:26 - DEBUG - Getting Boards: | {"txt":"","price":"0"} 
30.10.2023, 23:52:54 - INFO - Sample Logger Middleware 
30.10.2023, 23:52:54 - DEBUG - Getting Boards: | {"txt":"","price":"0"} 
30.10.2023, 23:53:01 - INFO - Sample Logger Middleware 
30.10.2023, 23:53:01 - DEBUG - Getting Boards: | {"txt":"","price":"0"} 
30.10.2023, 23:53:04 - INFO - Sample Logger Middleware 
30.10.2023, 23:53:04 - DEBUG - Getting Boards: | {"txt":"","price":"0"} 
30.10.2023, 23:53:07 - INFO - Sample Logger Middleware 
30.10.2023, 23:53:07 - DEBUG - Getting Boards: | {"txt":"","price":"0"} 
30.10.2023, 23:53:10 - INFO - Sample Logger Middleware 
30.10.2023, 23:53:10 - DEBUG - Getting Boards: | {"txt":"","price":"0"} 
30.10.2023, 23:53:32 - INFO - Sample Logger Middleware 
30.10.2023, 23:53:32 - DEBUG - Getting Boards: | {"txt":"","price":"0"} 
30.10.2023, 23:54:43 - INFO - Sample Logger Middleware 
30.10.2023, 23:54:43 - DEBUG - Getting Boards: | {"txt":"","price":"0"} 
30.10.2023, 23:54:57 - INFO - Sample Logger Middleware 
30.10.2023, 23:54:57 - DEBUG - Getting Boards: | {"txt":"","price":"0"} 
30.10.2023, 23:55:06 - INFO - Sample Logger Middleware 
30.10.2023, 23:55:06 - DEBUG - Getting Boards: | {"txt":"","price":"0"} 
30.10.2023, 23:55:11 - INFO - Sample Logger Middleware 
30.10.2023, 23:55:11 - DEBUG - Getting Boards: | {"txt":"","price":"0"} 
30.10.2023, 23:55:16 - INFO - Sample Logger Middleware 
30.10.2023, 23:55:16 - DEBUG - Getting Boards: | {"txt":"","price":"0"} 
30.10.2023, 23:55:18 - INFO - Sample Logger Middleware 
30.10.2023, 23:55:18 - DEBUG - Getting Boards: | {"txt":"","price":"0"} 
30.10.2023, 23:55:21 - INFO - Sample Logger Middleware 
30.10.2023, 23:55:21 - DEBUG - Getting Boards: | {"txt":"","price":"0"} 
30.10.2023, 23:55:38 - INFO - Sample Logger Middleware 
30.10.2023, 23:55:38 - DEBUG - Getting Boards: | {"txt":"","price":"0"} 
30.10.2023, 23:55:44 - DEBUG - Getting Boards: | {"txt":"","price":"0"} 
30.10.2023, 23:55:44 - INFO - Sample Logger Middleware 
30.10.2023, 23:56:29 - INFO - Sample Logger Middleware 
30.10.2023, 23:56:29 - DEBUG - Getting Boards: | {"txt":"","price":"0"} 
31.10.2023, 0:01:13 - INFO - Sample Logger Middleware 
31.10.2023, 0:01:13 - DEBUG - Getting Boards: | {"txt":"","price":"0"} 
31.10.2023, 0:01:22 - INFO - Sample Logger Middleware 
31.10.2023, 0:01:22 - DEBUG - Getting Boards: | {"txt":"","price":"0"} 
31.10.2023, 0:01:57 - DEBUG - Getting Boards: | {"txt":"","price":"0"} 
31.10.2023, 0:01:57 - INFO - Sample Logger Middleware 
31.10.2023, 0:02:30 - INFO - Sample Logger Middleware 
31.10.2023, 0:02:30 - DEBUG - Getting Boards: | {"txt":"","price":"0"} 
31.10.2023, 0:04:41 - INFO - Sample Logger Middleware 
31.10.2023, 0:04:41 - DEBUG - Getting Boards: | {"txt":"","price":"0"} 
31.10.2023, 0:05:46 - INFO - Sample Logger Middleware 
31.10.2023, 0:05:46 - DEBUG - Getting Boards: | {"txt":"","price":"0"} 
31.10.2023, 0:06:35 - INFO - Sample Logger Middleware 
31.10.2023, 0:06:35 - DEBUG - Getting Boards: | {"txt":"","price":"0"} 
31.10.2023, 0:08:26 - INFO - Sample Logger Middleware 
31.10.2023, 0:08:26 - DEBUG - Getting Boards: | {"txt":"","price":"0"} 
31.10.2023, 0:08:34 - INFO - Sample Logger Middleware 
31.10.2023, 0:08:34 - DEBUG - Getting Boards: | {"txt":"","price":"0"} 
31.10.2023, 0:12:27 - INFO - Server is running on port: 3030 
31.10.2023, 0:23:16 - INFO - Sample Logger Middleware 
31.10.2023, 0:23:16 - DEBUG - Getting Boards: | {} 
31.10.2023, 0:23:26 - INFO - Sample Logger Middleware 
31.10.2023, 0:23:26 - DEBUG - Getting Boards: | {} 
31.10.2023, 0:23:32 - INFO - Sample Logger Middleware 
31.10.2023, 0:23:32 - DEBUG - Getting Boards: | {} 
31.10.2023, 0:24:22 - INFO - Sample Logger Middleware 
31.10.2023, 0:24:22 - DEBUG - Getting Boards: | {} 
31.10.2023, 0:24:24 - INFO - Sample Logger Middleware 
31.10.2023, 0:24:24 - DEBUG - Getting Boards: | {} 
31.10.2023, 0:24:32 - INFO - Sample Logger Middleware 
31.10.2023, 0:24:32 - DEBUG - Getting Boards: | {} 
31.10.2023, 0:24:34 - INFO - Sample Logger Middleware 
31.10.2023, 0:24:34 - DEBUG - Getting Boards: | {} 
31.10.2023, 0:24:40 - DEBUG - Getting Boards: | {} 
31.10.2023, 0:24:40 - INFO - Sample Logger Middleware 
31.10.2023, 0:24:44 - INFO - Sample Logger Middleware 
31.10.2023, 0:24:44 - DEBUG - Getting Boards: | {} 
31.10.2023, 0:24:48 - INFO - Sample Logger Middleware 
31.10.2023, 0:24:48 - DEBUG - Getting Boards: | {} 
31.10.2023, 0:32:25 - INFO - Sample Logger Middleware 
31.10.2023, 0:32:25 - DEBUG - Getting Boards: | {} 
31.10.2023, 0:34:19 - INFO - Sample Logger Middleware 
31.10.2023, 0:34:19 - DEBUG - Getting Boards: | {} 
31.10.2023, 0:44:25 - INFO - Server is running on port: 3030 
31.10.2023, 0:44:33 - INFO - Server is running on port: 3030 
31.10.2023, 0:44:54 - INFO - Server is running on port: 3030 
31.10.2023, 0:46:55 - INFO - Server is running on port: 3030 
31.10.2023, 0:47:06 - ERROR - Failed to update board | ReferenceError: boardId is not defined 
31.10.2023, 0:48:53 - INFO - Sample Logger Middleware 
31.10.2023, 0:48:53 - DEBUG - Getting Boards: | {} 
31.10.2023, 0:50:13 - INFO - Sample Logger Middleware 
31.10.2023, 0:50:13 - DEBUG - Getting Boards: | {} 
31.10.2023, 0:50:20 - ERROR - Failed to update board | ReferenceError: boardId is not defined 
31.10.2023, 0:50:58 - ERROR - Failed to update board | ReferenceError: boardId is not defined 
31.10.2023, 0:51:35 - INFO - Sample Logger Middleware 
31.10.2023, 0:51:35 - DEBUG - Getting Boards: | {} 
31.10.2023, 0:51:37 - INFO - Sample Logger Middleware 
31.10.2023, 0:51:37 - DEBUG - Getting Boards: | {} 
31.10.2023, 0:51:43 - ERROR - Failed to update board | ReferenceError: boardId is not defined 
31.10.2023, 0:52:04 - ERROR - Failed to update board | ReferenceError: boardId is not defined 
31.10.2023, 0:52:04 - ERROR - Failed to update board | ReferenceError: boardId is not defined 
31.10.2023, 0:52:39 - ERROR - Failed to update board | ReferenceError: boardId is not defined 
31.10.2023, 0:53:25 - INFO - Server is running on port: 3030 
31.10.2023, 0:53:27 - ERROR - Failed to update board | ReferenceError: boardId is not defined 
31.10.2023, 0:54:12 - INFO - Server is running on port: 3030 
31.10.2023, 0:54:21 - ERROR - Failed to update board | ReferenceError: boardId is not defined 
31.10.2023, 0:55:11 - INFO - Server is running on port: 3030 
31.10.2023, 0:55:38 - INFO - Server is running on port: 3030 
31.10.2023, 0:55:44 - INFO - Server is running on port: 3030 
31.10.2023, 0:55:47 - ERROR - cannot update board 65402f32ba1b796f50aae5ef | MongoError: Performing an update on the path '_id' would modify the immutable field '_id' 
31.10.2023, 0:55:47 - ERROR - Failed to update board | MongoError: Performing an update on the path '_id' would modify the immutable field '_id' 
31.10.2023, 0:56:36 - INFO - Server is running on port: 3030 
31.10.2023, 0:56:40 - ERROR - cannot update board 65402f32ba1b796f50aae5ef | MongoError: Performing an update on the path '_id' would modify the immutable field '_id' 
31.10.2023, 0:56:40 - ERROR - Failed to update board | MongoError: Performing an update on the path '_id' would modify the immutable field '_id' 
31.10.2023, 0:57:26 - INFO - Server is running on port: 3030 
31.10.2023, 0:59:39 - INFO - Server is running on port: 3030 
31.10.2023, 0:59:43 - ERROR - cannot update board 65402f32ba1b796f50aae5ef | MongoError: Performing an update on the path '_id' would modify the immutable field '_id' 
31.10.2023, 0:59:43 - ERROR - Failed to update board | MongoError: Performing an update on the path '_id' would modify the immutable field '_id' 
31.10.2023, 0:59:53 - INFO - Server is running on port: 3030 
31.10.2023, 0:59:56 - ERROR - cannot update board 65402f32ba1b796f50aae5ef | MongoError: Performing an update on the path '_id' would modify the immutable field '_id' 
31.10.2023, 0:59:56 - ERROR - Failed to update board | MongoError: Performing an update on the path '_id' would modify the immutable field '_id' 
31.10.2023, 1:00:14 - INFO - Server is running on port: 3030 
31.10.2023, 1:03:08 - ERROR - cannot update board 65402f32ba1b796f50aae5ef | MongoError: Performing an update on the path '_id' would modify the immutable field '_id' 
31.10.2023, 1:03:08 - ERROR - Failed to update board | MongoError: Performing an update on the path '_id' would modify the immutable field '_id' 
31.10.2023, 1:08:04 - INFO - Server is running on port: 3030 
31.10.2023, 1:08:08 - INFO - Server is running on port: 3030 
31.10.2023, 1:08:10 - ERROR - cannot update board 65402f32ba1b796f50aae5ef | MongoError: Performing an update on the path '_id' would modify the immutable field '_id' 
31.10.2023, 1:08:10 - ERROR - Failed to update board | MongoError: Performing an update on the path '_id' would modify the immutable field '_id' 
31.10.2023, 1:08:18 - INFO - Server is running on port: 3030 
31.10.2023, 1:13:23 - ERROR - cannot update board 65402f32ba1b796f50aae5ef | MongoError: Performing an update on the path '_id' would modify the immutable field '_id' 
31.10.2023, 1:13:23 - ERROR - Failed to update board | MongoError: Performing an update on the path '_id' would modify the immutable field '_id' 
31.10.2023, 1:14:44 - INFO - Sample Logger Middleware 
31.10.2023, 1:14:44 - DEBUG - Getting Boards: | {} 
31.10.2023, 1:16:27 - INFO - Server is running on port: 3030 
31.10.2023, 1:16:33 - ERROR - cannot update board 65402f32ba1b796f50aae5ef | MongoError: Performing an update on the path '_id' would modify the immutable field '_id' 
31.10.2023, 1:16:33 - ERROR - Failed to update board | MongoError: Performing an update on the path '_id' would modify the immutable field '_id' 
31.10.2023, 1:16:57 - INFO - Server is running on port: 3030 
31.10.2023, 1:17:13 - INFO - Server is running on port: 3030 
31.10.2023, 1:17:17 - ERROR - cannot update board 65402f32ba1b796f50aae5ef | MongoError: Performing an update on the path '_id' would modify the immutable field '_id' 
31.10.2023, 1:17:17 - ERROR - Failed to update board | MongoError: Performing an update on the path '_id' would modify the immutable field '_id' 
31.10.2023, 1:17:58 - INFO - Sample Logger Middleware 
31.10.2023, 1:17:58 - DEBUG - Getting Boards: | {} 
31.10.2023, 1:18:01 - INFO - Sample Logger Middleware 
31.10.2023, 1:18:01 - DEBUG - Getting Boards: | {} 
31.10.2023, 1:18:31 - ERROR - cannot update board 654039b10bf3bb8c286bc5cc | MongoError: Performing an update on the path '_id' would modify the immutable field '_id' 
31.10.2023, 1:18:31 - ERROR - Failed to update board | MongoError: Performing an update on the path '_id' would modify the immutable field '_id' 
31.10.2023, 1:22:44 - INFO - Server is running on port: 3030 
31.10.2023, 1:22:55 - INFO - Server is running on port: 3030 
31.10.2023, 1:23:03 - INFO - Sample Logger Middleware 
31.10.2023, 1:23:03 - DEBUG - Getting Boards: | {} 
31.10.2023, 1:23:09 - ERROR - cannot update board 654039b10bf3bb8c286bc5cc | ReferenceError: boardToSave is not defined 
31.10.2023, 1:23:09 - ERROR - Failed to update board | ReferenceError: boardToSave is not defined 
31.10.2023, 1:23:39 - INFO - Server is running on port: 3030 
31.10.2023, 11:48:03 - INFO - Sample Logger Middleware 
31.10.2023, 11:48:03 - DEBUG - Getting Boards: | {} 
31.10.2023, 12:01:59 - INFO - Sample Logger Middleware 
31.10.2023, 12:01:59 - DEBUG - Getting Boards: | {} 
31.10.2023, 12:06:40 - INFO - Sample Logger Middleware 
31.10.2023, 12:06:40 - DEBUG - Getting Boards: | {} 
31.10.2023, 12:06:45 - ERROR - while finding board b112 | Error: Argument passed in must be a single String of 12 bytes or a string of 24 hex characters 
31.10.2023, 12:06:45 - ERROR - Failed to get board | Error: Argument passed in must be a single String of 12 bytes or a string of 24 hex characters 
31.10.2023, 12:06:55 - INFO - Sample Logger Middleware 
31.10.2023, 12:06:55 - DEBUG - Getting Boards: | {} 
31.10.2023, 12:08:39 - INFO - Sample Logger Middleware 
31.10.2023, 12:08:39 - DEBUG - Getting Boards: | {} 
31.10.2023, 12:09:39 - INFO - Sample Logger Middleware 
31.10.2023, 12:09:39 - DEBUG - Getting Boards: | {} 
31.10.2023, 12:10:05 - INFO - Sample Logger Middleware 
31.10.2023, 12:10:05 - DEBUG - Getting Boards: | {} 
31.10.2023, 12:20:30 - INFO - Sample Logger Middleware 
31.10.2023, 12:20:30 - DEBUG - Getting Boards: | {} 
31.10.2023, 12:20:32 - INFO - Sample Logger Middleware 
31.10.2023, 12:20:32 - DEBUG - Getting Boards: | {} 
31.10.2023, 12:20:56 - INFO - Sample Logger Middleware 
31.10.2023, 12:20:56 - DEBUG - Getting Boards: | {} 
31.10.2023, 12:21:29 - ERROR - while finding board b116 | Error: Argument passed in must be a single String of 12 bytes or a string of 24 hex characters 
31.10.2023, 12:21:29 - ERROR - Failed to get board | Error: Argument passed in must be a single String of 12 bytes or a string of 24 hex characters 
31.10.2023, 12:21:31 - ERROR - while finding board b117 | Error: Argument passed in must be a single String of 12 bytes or a string of 24 hex characters 
31.10.2023, 12:21:31 - ERROR - Failed to get board | Error: Argument passed in must be a single String of 12 bytes or a string of 24 hex characters 
31.10.2023, 12:21:34 - INFO - Sample Logger Middleware 
31.10.2023, 12:21:34 - DEBUG - Getting Boards: | {} 
31.10.2023, 12:21:39 - INFO - Sample Logger Middleware 
31.10.2023, 12:21:39 - DEBUG - Getting Boards: | {} 
31.10.2023, 12:23:10 - DEBUG - Getting Boards: | {} 
31.10.2023, 12:23:10 - INFO - Sample Logger Middleware 
31.10.2023, 12:23:13 - ERROR - while finding board b116 | Error: Argument passed in must be a single String of 12 bytes or a string of 24 hex characters 
31.10.2023, 12:23:13 - ERROR - Failed to get board | Error: Argument passed in must be a single String of 12 bytes or a string of 24 hex characters 
31.10.2023, 12:24:09 - INFO - Sample Logger Middleware 
31.10.2023, 12:24:09 - DEBUG - Getting Boards: | {} 
31.10.2023, 12:24:46 - INFO - Sample Logger Middleware 
31.10.2023, 12:24:46 - DEBUG - Getting Boards: | {} 
31.10.2023, 12:24:48 - INFO - Sample Logger Middleware 
31.10.2023, 12:24:48 - DEBUG - Getting Boards: | {} 
31.10.2023, 12:24:54 - INFO - Sample Logger Middleware 
31.10.2023, 12:24:54 - DEBUG - Getting Boards: | {} 
31.10.2023, 12:24:59 - INFO - Sample Logger Middleware 
31.10.2023, 12:24:59 - DEBUG - Getting Boards: | {} 
31.10.2023, 12:25:07 - INFO - Sample Logger Middleware 
31.10.2023, 12:25:07 - DEBUG - Getting Boards: | {} 
31.10.2023, 12:29:40 - DEBUG - Getting Boards: | {} 
31.10.2023, 12:29:40 - INFO - Sample Logger Middleware 
31.10.2023, 12:29:42 - INFO - Sample Logger Middleware 
31.10.2023, 12:29:42 - DEBUG - Getting Boards: | {} 
31.10.2023, 12:29:43 - ERROR - while finding board b116 | Error: Argument passed in must be a single String of 12 bytes or a string of 24 hex characters 
31.10.2023, 12:29:43 - ERROR - Failed to get board | Error: Argument passed in must be a single String of 12 bytes or a string of 24 hex characters 
31.10.2023, 12:29:44 - ERROR - while finding board b116 | Error: Argument passed in must be a single String of 12 bytes or a string of 24 hex characters 
31.10.2023, 12:29:44 - ERROR - Failed to get board | Error: Argument passed in must be a single String of 12 bytes or a string of 24 hex characters 
31.10.2023, 12:30:06 - INFO - Sample Logger Middleware 
31.10.2023, 12:30:06 - DEBUG - Getting Boards: | {} 
31.10.2023, 12:31:48 - DEBUG - Getting Boards: | {} 
31.10.2023, 12:31:48 - INFO - Sample Logger Middleware 
31.10.2023, 12:32:20 - INFO - Sample Logger Middleware 
31.10.2023, 12:32:20 - DEBUG - Getting Boards: | {} 
31.10.2023, 12:32:29 - INFO - Sample Logger Middleware 
31.10.2023, 12:32:29 - DEBUG - Getting Boards: | {} 
31.10.2023, 12:32:40 - INFO - Sample Logger Middleware 
31.10.2023, 12:32:40 - DEBUG - Getting Boards: | {} 
31.10.2023, 12:34:02 - INFO - Sample Logger Middleware 
31.10.2023, 12:34:02 - DEBUG - Getting Boards: | {} 
31.10.2023, 12:34:04 - INFO - Sample Logger Middleware 
31.10.2023, 12:34:04 - DEBUG - Getting Boards: | {} 
31.10.2023, 12:34:15 - INFO - Sample Logger Middleware 
31.10.2023, 12:34:15 - DEBUG - Getting Boards: | {} 
31.10.2023, 12:34:33 - INFO - Sample Logger Middleware 
31.10.2023, 12:34:33 - DEBUG - Getting Boards: | {} 
31.10.2023, 12:34:42 - INFO - Sample Logger Middleware 
31.10.2023, 12:34:42 - DEBUG - Getting Boards: | {} 
31.10.2023, 12:35:25 - INFO - Sample Logger Middleware 
31.10.2023, 12:35:25 - DEBUG - Getting Boards: | {} 
31.10.2023, 12:47:51 - INFO - Sample Logger Middleware 
31.10.2023, 12:47:51 - DEBUG - Getting Boards: | {} 
31.10.2023, 12:48:04 - INFO - Sample Logger Middleware 
31.10.2023, 12:48:04 - DEBUG - Getting Boards: | {} 
31.10.2023, 12:55:34 - DEBUG - Getting Boards: | {} 
31.10.2023, 12:55:34 - INFO - Sample Logger Middleware 
31.10.2023, 12:55:43 - INFO - Sample Logger Middleware 
31.10.2023, 12:55:43 - DEBUG - Getting Boards: | {} 
31.10.2023, 12:55:51 - INFO - Sample Logger Middleware 
31.10.2023, 12:55:51 - DEBUG - Getting Boards: | {} 
31.10.2023, 12:56:02 - INFO - Sample Logger Middleware 
31.10.2023, 12:56:02 - DEBUG - Getting Boards: | {} 
31.10.2023, 12:56:35 - INFO - Sample Logger Middleware 
31.10.2023, 12:56:35 - DEBUG - Getting Boards: | {} 
31.10.2023, 12:56:43 - INFO - Sample Logger Middleware 
31.10.2023, 12:56:43 - DEBUG - Getting Boards: | {} 
31.10.2023, 12:56:59 - INFO - Sample Logger Middleware 
31.10.2023, 12:56:59 - DEBUG - Getting Boards: | {} 
31.10.2023, 12:57:05 - INFO - Sample Logger Middleware 
31.10.2023, 12:57:05 - DEBUG - Getting Boards: | {} 
31.10.2023, 12:57:24 - INFO - Sample Logger Middleware 
31.10.2023, 12:57:24 - DEBUG - Getting Boards: | {} 
31.10.2023, 12:57:30 - INFO - Sample Logger Middleware 
31.10.2023, 12:57:30 - DEBUG - Getting Boards: | {} 
31.10.2023, 12:57:33 - INFO - Sample Logger Middleware 
31.10.2023, 12:57:33 - DEBUG - Getting Boards: | {} 
31.10.2023, 12:57:36 - INFO - Sample Logger Middleware 
31.10.2023, 12:57:36 - DEBUG - Getting Boards: | {} 
31.10.2023, 12:57:43 - INFO - Sample Logger Middleware 
31.10.2023, 12:57:43 - DEBUG - Getting Boards: | {} 
31.10.2023, 12:58:02 - INFO - Sample Logger Middleware 
31.10.2023, 12:58:02 - DEBUG - Getting Boards: | {} 
31.10.2023, 12:58:08 - INFO - Sample Logger Middleware 
31.10.2023, 12:58:08 - DEBUG - Getting Boards: | {} 
31.10.2023, 12:58:12 - INFO - Sample Logger Middleware 
31.10.2023, 12:58:12 - DEBUG - Getting Boards: | {} 
31.10.2023, 12:58:18 - INFO - Sample Logger Middleware 
31.10.2023, 12:58:18 - DEBUG - Getting Boards: | {} 
31.10.2023, 12:58:48 - INFO - Sample Logger Middleware 
31.10.2023, 12:58:48 - DEBUG - Getting Boards: | {} 
31.10.2023, 13:01:11 - INFO - Sample Logger Middleware 
31.10.2023, 13:01:11 - DEBUG - Getting Boards: | {} 
31.10.2023, 13:57:21 - DEBUG - Getting Boards: | {} 
31.10.2023, 13:57:21 - INFO - Sample Logger Middleware 
31.10.2023, 14:52:43 - INFO - Sample Logger Middleware 
31.10.2023, 14:52:43 - DEBUG - Getting Boards: | {} 
31.10.2023, 14:52:51 - INFO - Sample Logger Middleware 
31.10.2023, 14:52:51 - DEBUG - Getting Boards: | {} 
31.10.2023, 15:23:53 - INFO - Sample Logger Middleware 
31.10.2023, 15:23:53 - DEBUG - Getting Boards: | {} 
31.10.2023, 15:25:10 - INFO - Sample Logger Middleware 
31.10.2023, 15:25:10 - DEBUG - Getting Boards: | {} 
31.10.2023, 15:25:12 - INFO - Sample Logger Middleware 
31.10.2023, 15:25:12 - DEBUG - Getting Boards: | {} 
31.10.2023, 15:25:24 - INFO - Sample Logger Middleware 
31.10.2023, 15:25:24 - DEBUG - Getting Boards: | {} 
31.10.2023, 15:25:28 - INFO - Sample Logger Middleware 
31.10.2023, 15:25:28 - DEBUG - Getting Boards: | {} 
31.10.2023, 15:26:25 - INFO - Sample Logger Middleware 
31.10.2023, 15:26:25 - DEBUG - Getting Boards: | {} 
